===2018-03-29 11:09:09.644 ERROR org.springframework.boot.diagnostics.LoggingFailureAnalysisReporter Line:42  - 

***************************
APPLICATION FAILED TO START
***************************

Description:

Field teacher in com.ncu.service.impl.BaseServiceImpl required a bean of type 'com.ncu.service.TeacherService' that could not be found.


Action:

Consider defining a bean of type 'com.ncu.service.TeacherService' in your configuration.

===2018-03-29 13:40:47.033 ERROR org.springframework.boot.diagnostics.LoggingFailureAnalysisReporter Line:42  - 

***************************
APPLICATION FAILED TO START
***************************

Description:

Field baseService in com.ncu.aop.LogAspect required a bean of type 'com.ncu.service.BaseService' that could not be found.


Action:

Consider defining a bean of type 'com.ncu.service.BaseService' in your configuration.

===2018-03-29 15:20:30.887 ERROR org.springframework.boot.SpringApplication Line:771 - Application startup failed
org.springframework.beans.factory.UnsatisfiedDependencyException: Error creating bean with name 'logAspect': Unsatisfied dependency expressed through field 'baseService'; nested exception is org.springframework.beans.factory.BeanCreationException: Error creating bean with name 'baseServiceImpl': Failed to introspect bean class [com.ncu.service.impl.BaseServiceImpl] for lookup method metadata: could not find class that it depends on; nested exception is java.lang.NoClassDefFoundError: com/ncu/model/Query
	at org.springframework.beans.factory.annotation.AutowiredAnnotationBeanPostProcessor$AutowiredFieldElement.inject(AutowiredAnnotationBeanPostProcessor.java:588)
	at org.springframework.beans.factory.annotation.InjectionMetadata.inject(InjectionMetadata.java:88)
	at org.springframework.beans.factory.annotation.AutowiredAnnotationBeanPostProcessor.postProcessPropertyValues(AutowiredAnnotationBeanPostProcessor.java:366)
	at org.springframework.beans.factory.support.AbstractAutowireCapableBeanFactory.populateBean(AbstractAutowireCapableBeanFactory.java:1264)
	at org.springframework.beans.factory.support.AbstractAutowireCapableBeanFactory.doCreateBean(AbstractAutowireCapableBeanFactory.java:553)
	at org.springframework.beans.factory.support.AbstractAutowireCapableBeanFactory.createBean(AbstractAutowireCapableBeanFactory.java:483)
	at org.springframework.beans.factory.support.AbstractBeanFactory$1.getObject(AbstractBeanFactory.java:306)
	at org.springframework.beans.factory.support.DefaultSingletonBeanRegistry.getSingleton(DefaultSingletonBeanRegistry.java:230)
	at org.springframework.beans.factory.support.AbstractBeanFactory.doGetBean(AbstractBeanFactory.java:302)
	at org.springframework.beans.factory.support.AbstractBeanFactory.getBean(AbstractBeanFactory.java:197)
	at org.springframework.beans.factory.support.DefaultListableBeanFactory.preInstantiateSingletons(DefaultListableBeanFactory.java:761)
	at org.springframework.context.support.AbstractApplicationContext.finishBeanFactoryInitialization(AbstractApplicationContext.java:867)
	at org.springframework.context.support.AbstractApplicationContext.refresh(AbstractApplicationContext.java:543)
	at org.springframework.boot.context.embedded.EmbeddedWebApplicationContext.refresh(EmbeddedWebApplicationContext.java:122)
	at org.springframework.boot.SpringApplication.refresh(SpringApplication.java:693)
	at org.springframework.boot.SpringApplication.refreshContext(SpringApplication.java:360)
	at org.springframework.boot.SpringApplication.run(SpringApplication.java:303)
	at org.springframework.boot.SpringApplication.run(SpringApplication.java:1118)
	at org.springframework.boot.SpringApplication.run(SpringApplication.java:1107)
	at com.ncu.Application.main(Application.java:38)
	at sun.reflect.NativeMethodAccessorImpl.invoke0(Native Method)
	at sun.reflect.NativeMethodAccessorImpl.invoke(NativeMethodAccessorImpl.java:62)
	at sun.reflect.DelegatingMethodAccessorImpl.invoke(DelegatingMethodAccessorImpl.java:43)
	at java.lang.reflect.Method.invoke(Method.java:483)
	at org.springframework.boot.devtools.restart.RestartLauncher.run(RestartLauncher.java:49)
Caused by: org.springframework.beans.factory.BeanCreationException: Error creating bean with name 'baseServiceImpl': Failed to introspect bean class [com.ncu.service.impl.BaseServiceImpl] for lookup method metadata: could not find class that it depends on; nested exception is java.lang.NoClassDefFoundError: com/ncu/model/Query
	at org.springframework.beans.factory.annotation.AutowiredAnnotationBeanPostProcessor.determineCandidateConstructors(AutowiredAnnotationBeanPostProcessor.java:269)
	at org.springframework.beans.factory.support.AbstractAutowireCapableBeanFactory.determineConstructorsFromBeanPostProcessors(AbstractAutowireCapableBeanFactory.java:1118)
	at org.springframework.beans.factory.support.AbstractAutowireCapableBeanFactory.createBeanInstance(AbstractAutowireCapableBeanFactory.java:1091)
	at org.springframework.beans.factory.support.AbstractAutowireCapableBeanFactory.doCreateBean(AbstractAutowireCapableBeanFactory.java:513)
	at org.springframework.beans.factory.support.AbstractAutowireCapableBeanFactory.createBean(AbstractAutowireCapableBeanFactory.java:483)
	at org.springframework.beans.factory.support.AbstractBeanFactory$1.getObject(AbstractBeanFactory.java:306)
	at org.springframework.beans.factory.support.DefaultSingletonBeanRegistry.getSingleton(DefaultSingletonBeanRegistry.java:230)
	at org.springframework.beans.factory.support.AbstractBeanFactory.doGetBean(AbstractBeanFactory.java:302)
	at org.springframework.beans.factory.support.AbstractBeanFactory.getBean(AbstractBeanFactory.java:202)
	at org.springframework.beans.factory.config.DependencyDescriptor.resolveCandidate(DependencyDescriptor.java:208)
	at org.springframework.beans.factory.support.DefaultListableBeanFactory.doResolveDependency(DefaultListableBeanFactory.java:1138)
	at org.springframework.beans.factory.support.DefaultListableBeanFactory.resolveDependency(DefaultListableBeanFactory.java:1066)
	at org.springframework.beans.factory.annotation.AutowiredAnnotationBeanPostProcessor$AutowiredFieldElement.inject(AutowiredAnnotationBeanPostProcessor.java:585)
	... 24 common frames omitted
Caused by: java.lang.NoClassDefFoundError: com/ncu/model/Query
	at java.lang.Class.getDeclaredMethods0(Native Method)
	at java.lang.Class.privateGetDeclaredMethods(Class.java:2693)
	at java.lang.Class.getDeclaredMethods(Class.java:1967)
	at org.springframework.util.ReflectionUtils.getDeclaredMethods(ReflectionUtils.java:613)
	at org.springframework.util.ReflectionUtils.doWithMethods(ReflectionUtils.java:524)
	at org.springframework.util.ReflectionUtils.doWithMethods(ReflectionUtils.java:510)
	at org.springframework.beans.factory.annotation.AutowiredAnnotationBeanPostProcessor.determineCandidateConstructors(AutowiredAnnotationBeanPostProcessor.java:247)
	... 36 common frames omitted
Caused by: java.lang.ClassNotFoundException: com.ncu.model.Query
	at java.net.URLClassLoader$1.run(URLClassLoader.java:372)
	at java.net.URLClassLoader$1.run(URLClassLoader.java:361)
	at java.security.AccessController.doPrivileged(Native Method)
	at java.net.URLClassLoader.findClass(URLClassLoader.java:360)
	at java.lang.ClassLoader.loadClass(ClassLoader.java:424)
	at sun.misc.Launcher$AppClassLoader.loadClass(Launcher.java:308)
	at java.lang.ClassLoader.loadClass(ClassLoader.java:357)
	at org.springframework.boot.devtools.restart.classloader.RestartClassLoader.loadClass(RestartClassLoader.java:151)
	at java.lang.ClassLoader.loadClass(ClassLoader.java:357)
	... 43 common frames omitted
