===2018-02-06 12:38:25.803 WARN  org.springframework.web.servlet.PageNotFound Line:1176 - No mapping found for HTTP request with URI [/static/errorPage/401.html] in DispatcherServlet with name 'dispatcherServlet'
===2018-02-06 12:38:27.368 WARN  org.springframework.web.servlet.PageNotFound Line:1176 - No mapping found for HTTP request with URI [/static/errorPage/401.html] in DispatcherServlet with name 'dispatcherServlet'
===2018-02-06 12:38:27.901 WARN  org.springframework.web.servlet.PageNotFound Line:1176 - No mapping found for HTTP request with URI [/static/errorPage/401.html] in DispatcherServlet with name 'dispatcherServlet'
===2018-02-06 12:38:28.198 WARN  org.springframework.web.servlet.PageNotFound Line:1176 - No mapping found for HTTP request with URI [/static/errorPage/401.html] in DispatcherServlet with name 'dispatcherServlet'
===2018-02-06 12:38:28.370 WARN  org.springframework.web.servlet.PageNotFound Line:1176 - No mapping found for HTTP request with URI [/static/errorPage/401.html] in DispatcherServlet with name 'dispatcherServlet'
===2018-02-06 12:38:28.552 WARN  org.springframework.web.servlet.PageNotFound Line:1176 - No mapping found for HTTP request with URI [/static/errorPage/401.html] in DispatcherServlet with name 'dispatcherServlet'
===2018-02-06 12:38:28.732 WARN  org.springframework.web.servlet.PageNotFound Line:1176 - No mapping found for HTTP request with URI [/static/errorPage/401.html] in DispatcherServlet with name 'dispatcherServlet'
===2018-02-06 12:38:28.903 WARN  org.springframework.web.servlet.PageNotFound Line:1176 - No mapping found for HTTP request with URI [/static/errorPage/401.html] in DispatcherServlet with name 'dispatcherServlet'
===2018-02-06 12:38:29.103 WARN  org.springframework.web.servlet.PageNotFound Line:1176 - No mapping found for HTTP request with URI [/static/errorPage/401.html] in DispatcherServlet with name 'dispatcherServlet'
===2018-02-06 12:38:29.268 WARN  org.springframework.web.servlet.PageNotFound Line:1176 - No mapping found for HTTP request with URI [/static/errorPage/401.html] in DispatcherServlet with name 'dispatcherServlet'
===2018-02-06 12:38:35.454 WARN  org.springframework.web.servlet.PageNotFound Line:1176 - No mapping found for HTTP request with URI [/static/] in DispatcherServlet with name 'dispatcherServlet'
===2018-02-06 12:42:48.617 WARN  org.springframework.web.servlet.PageNotFound Line:1176 - No mapping found for HTTP request with URI [/static/] in DispatcherServlet with name 'dispatcherServlet'
===2018-02-06 12:43:16.262 WARN  org.springframework.web.servlet.PageNotFound Line:1176 - No mapping found for HTTP request with URI [/static/] in DispatcherServlet with name 'dispatcherServlet'
===2018-02-06 12:43:20.521 WARN  org.springframework.web.servlet.PageNotFound Line:1176 - No mapping found for HTTP request with URI [/static/index.html] in DispatcherServlet with name 'dispatcherServlet'
===2018-02-06 12:43:21.899 WARN  org.springframework.web.servlet.PageNotFound Line:1176 - No mapping found for HTTP request with URI [/static/index.html] in DispatcherServlet with name 'dispatcherServlet'
===2018-02-06 12:43:22.215 WARN  org.springframework.web.servlet.PageNotFound Line:1176 - No mapping found for HTTP request with URI [/static/index.html] in DispatcherServlet with name 'dispatcherServlet'
===2018-02-06 12:43:22.415 WARN  org.springframework.web.servlet.PageNotFound Line:1176 - No mapping found for HTTP request with URI [/static/index.html] in DispatcherServlet with name 'dispatcherServlet'
===2018-02-06 12:43:22.587 WARN  org.springframework.web.servlet.PageNotFound Line:1176 - No mapping found for HTTP request with URI [/static/index.html] in DispatcherServlet with name 'dispatcherServlet'
===2018-02-06 12:43:22.765 WARN  org.springframework.web.servlet.PageNotFound Line:1176 - No mapping found for HTTP request with URI [/static/index.html] in DispatcherServlet with name 'dispatcherServlet'
===2018-02-06 12:43:22.920 WARN  org.springframework.web.servlet.PageNotFound Line:1176 - No mapping found for HTTP request with URI [/static/index.html] in DispatcherServlet with name 'dispatcherServlet'
===2018-02-06 12:43:23.087 WARN  org.springframework.web.servlet.PageNotFound Line:1176 - No mapping found for HTTP request with URI [/static/index.html] in DispatcherServlet with name 'dispatcherServlet'
===2018-02-06 12:43:23.263 WARN  org.springframework.web.servlet.PageNotFound Line:1176 - No mapping found for HTTP request with URI [/static/index.html] in DispatcherServlet with name 'dispatcherServlet'
===2018-02-06 12:43:23.415 WARN  org.springframework.web.servlet.PageNotFound Line:1176 - No mapping found for HTTP request with URI [/static/index.html] in DispatcherServlet with name 'dispatcherServlet'
===2018-02-06 12:43:23.683 WARN  org.springframework.web.servlet.PageNotFound Line:1176 - No mapping found for HTTP request with URI [/static/index.html] in DispatcherServlet with name 'dispatcherServlet'
===2018-02-06 12:46:36.144 WARN  org.springframework.web.servlet.PageNotFound Line:1176 - No mapping found for HTTP request with URI [/favicon.ico] in DispatcherServlet with name 'dispatcherServlet'
===2018-02-06 12:47:32.962 WARN  org.springframework.web.servlet.PageNotFound Line:1176 - No mapping found for HTTP request with URI [/static/errorPage/404.html] in DispatcherServlet with name 'dispatcherServlet'
===2018-02-06 12:47:34.640 WARN  org.springframework.web.servlet.PageNotFound Line:1176 - No mapping found for HTTP request with URI [/static/errorPage/404.html] in DispatcherServlet with name 'dispatcherServlet'
===2018-02-06 12:47:34.823 WARN  org.springframework.web.servlet.PageNotFound Line:1176 - No mapping found for HTTP request with URI [/static/errorPage/404.html] in DispatcherServlet with name 'dispatcherServlet'
===2018-02-06 12:47:35.009 WARN  org.springframework.web.servlet.PageNotFound Line:1176 - No mapping found for HTTP request with URI [/static/errorPage/404.html] in DispatcherServlet with name 'dispatcherServlet'
===2018-02-06 12:47:35.156 WARN  org.springframework.web.servlet.PageNotFound Line:1176 - No mapping found for HTTP request with URI [/static/errorPage/404.html] in DispatcherServlet with name 'dispatcherServlet'
===2018-02-06 12:47:35.314 WARN  org.springframework.web.servlet.PageNotFound Line:1176 - No mapping found for HTTP request with URI [/static/errorPage/404.html] in DispatcherServlet with name 'dispatcherServlet'
===2018-02-06 12:48:20.229 WARN  org.springframework.web.servlet.PageNotFound Line:1176 - No mapping found for HTTP request with URI [/static/errorPage/404.html] in DispatcherServlet with name 'dispatcherServlet'
===2018-02-06 12:48:21.474 WARN  org.springframework.web.servlet.PageNotFound Line:1176 - No mapping found for HTTP request with URI [/static/errorPage/404.html] in DispatcherServlet with name 'dispatcherServlet'
===2018-02-06 12:48:22.247 WARN  org.springframework.web.servlet.PageNotFound Line:1176 - No mapping found for HTTP request with URI [/static/errorPage/404.html] in DispatcherServlet with name 'dispatcherServlet'
===2018-02-06 12:48:23.856 WARN  org.springframework.web.servlet.PageNotFound Line:1176 - No mapping found for HTTP request with URI [/static/errorPage/404.html] in DispatcherServlet with name 'dispatcherServlet'
===2018-02-06 12:49:19.176 WARN  org.springframework.web.servlet.PageNotFound Line:1176 - No mapping found for HTTP request with URI [/] in DispatcherServlet with name 'dispatcherServlet'
===2018-02-06 12:49:20.631 WARN  org.springframework.web.servlet.PageNotFound Line:1176 - No mapping found for HTTP request with URI [/] in DispatcherServlet with name 'dispatcherServlet'
===2018-02-06 12:51:52.876 WARN  org.springframework.boot.context.embedded.AnnotationConfigEmbeddedWebApplicationContext Line:551 - Exception encountered during context initialization - cancelling refresh attempt: org.springframework.context.ApplicationContextException: Unable to start embedded container; nested exception is java.lang.IllegalArgumentException: Error page location [errorPage/401.html] must start with a '/'
===2018-02-06 12:52:28.066 WARN  org.springframework.web.servlet.PageNotFound Line:1176 - No mapping found for HTTP request with URI [/errorPage/404.html] in DispatcherServlet with name 'dispatcherServlet'
===2018-02-06 12:52:31.167 WARN  org.springframework.web.servlet.PageNotFound Line:1176 - No mapping found for HTTP request with URI [/errorPage/404.html] in DispatcherServlet with name 'dispatcherServlet'
===2018-02-06 12:52:36.375 WARN  org.springframework.web.servlet.PageNotFound Line:1176 - No mapping found for HTTP request with URI [/errorPage/404.html] in DispatcherServlet with name 'dispatcherServlet'
