===2018-03-04 15:34:37.847 WARN  org.springframework.web.servlet.PageNotFound Line:215 - Request method 'POST' not supported
===2018-03-04 15:34:37.850 WARN  org.springframework.web.servlet.mvc.support.DefaultHandlerExceptionResolver Line:189 - Resolved exception caused by Handler execution: org.springframework.web.HttpRequestMethodNotSupportedException: Request method 'POST' not supported
===2018-03-04 15:36:01.773 WARN  org.springframework.web.servlet.PageNotFound Line:215 - Request method 'POST' not supported
===2018-03-04 15:36:01.776 WARN  org.springframework.web.servlet.mvc.support.DefaultHandlerExceptionResolver Line:189 - Resolved exception caused by Handler execution: org.springframework.web.HttpRequestMethodNotSupportedException: Request method 'POST' not supported
===2018-03-04 15:37:19.250 WARN  org.springframework.web.servlet.mvc.support.DefaultHandlerExceptionResolver Line:384 - Failed to read HTTP message: org.springframework.http.converter.HttpMessageNotReadableException: JSON parse error: exepct '[', but error, pos 1, json : jsons=%7B%22projectName%22%3A%222%22%2C%22projectId%22%3A%222%22%2C%22buildDate%22%3A%222018-03-03T16%3A00%3A00.000Z%22%2C%22teachingMethod%22%3A%222%22%2C%22major%22%3A%222%22%7D&type=1; nested exception is com.alibaba.fastjson.JSONException: exepct '[', but error, pos 1, json : jsons=%7B%22projectName%22%3A%222%22%2C%22projectId%22%3A%222%22%2C%22buildDate%22%3A%222018-03-03T16%3A00%3A00.000Z%22%2C%22teachingMethod%22%3A%222%22%2C%22major%22%3A%222%22%7D&type=1
===2018-03-04 15:37:19.251 WARN  org.springframework.web.servlet.mvc.support.DefaultHandlerExceptionResolver Line:189 - Resolved exception caused by Handler execution: org.springframework.http.converter.HttpMessageNotReadableException: JSON parse error: exepct '[', but error, pos 1, json : jsons=%7B%22projectName%22%3A%222%22%2C%22projectId%22%3A%222%22%2C%22buildDate%22%3A%222018-03-03T16%3A00%3A00.000Z%22%2C%22teachingMethod%22%3A%222%22%2C%22major%22%3A%222%22%7D&type=1; nested exception is com.alibaba.fastjson.JSONException: exepct '[', but error, pos 1, json : jsons=%7B%22projectName%22%3A%222%22%2C%22projectId%22%3A%222%22%2C%22buildDate%22%3A%222018-03-03T16%3A00%3A00.000Z%22%2C%22teachingMethod%22%3A%222%22%2C%22major%22%3A%222%22%7D&type=1
===2018-03-04 15:42:43.444 WARN  org.springframework.web.servlet.mvc.support.DefaultHandlerExceptionResolver Line:384 - Failed to read HTTP message: org.springframework.http.converter.HttpMessageNotReadableException: JSON parse error: exepct '[', but {, pos 1, json : {
	"jsons":"{'projectName':'2','projectId':'2','buildDate':'2018-03-03T16:00:00.000Z','teachingMethod':'2','major':'2'}",
"type":1
}; nested exception is com.alibaba.fastjson.JSONException: exepct '[', but {, pos 1, json : {
	"jsons":"{'projectName':'2','projectId':'2','buildDate':'2018-03-03T16:00:00.000Z','teachingMethod':'2','major':'2'}",
"type":1
}
===2018-03-04 15:42:43.446 WARN  org.springframework.web.servlet.mvc.support.DefaultHandlerExceptionResolver Line:189 - Resolved exception caused by Handler execution: org.springframework.http.converter.HttpMessageNotReadableException: JSON parse error: exepct '[', but {, pos 1, json : {
	"jsons":"{'projectName':'2','projectId':'2','buildDate':'2018-03-03T16:00:00.000Z','teachingMethod':'2','major':'2'}",
"type":1
}; nested exception is com.alibaba.fastjson.JSONException: exepct '[', but {, pos 1, json : {
	"jsons":"{'projectName':'2','projectId':'2','buildDate':'2018-03-03T16:00:00.000Z','teachingMethod':'2','major':'2'}",
"type":1
}
===2018-03-04 15:43:15.744 WARN  org.springframework.web.servlet.mvc.support.DefaultHandlerExceptionResolver Line:384 - Failed to read HTTP message: org.springframework.http.converter.HttpMessageNotReadableException: JSON parse error: exepct '[', but {, pos 1, json : {
	"jsons":"[{'projectName':'2','projectId':'2','buildDate':'2018-03-03T16:00:00.000Z','teachingMethod':'2','major':'2'}]",
"type":1
}; nested exception is com.alibaba.fastjson.JSONException: exepct '[', but {, pos 1, json : {
	"jsons":"[{'projectName':'2','projectId':'2','buildDate':'2018-03-03T16:00:00.000Z','teachingMethod':'2','major':'2'}]",
"type":1
}
===2018-03-04 15:43:15.745 WARN  org.springframework.web.servlet.mvc.support.DefaultHandlerExceptionResolver Line:189 - Resolved exception caused by Handler execution: org.springframework.http.converter.HttpMessageNotReadableException: JSON parse error: exepct '[', but {, pos 1, json : {
	"jsons":"[{'projectName':'2','projectId':'2','buildDate':'2018-03-03T16:00:00.000Z','teachingMethod':'2','major':'2'}]",
"type":1
}; nested exception is com.alibaba.fastjson.JSONException: exepct '[', but {, pos 1, json : {
	"jsons":"[{'projectName':'2','projectId':'2','buildDate':'2018-03-03T16:00:00.000Z','teachingMethod':'2','major':'2'}]",
"type":1
}
===2018-03-04 15:45:20.256 WARN  org.springframework.web.servlet.PageNotFound Line:215 - Request method 'POST' not supported
===2018-03-04 15:45:20.256 WARN  org.springframework.web.servlet.mvc.support.DefaultHandlerExceptionResolver Line:189 - Resolved exception caused by Handler execution: org.springframework.web.HttpRequestMethodNotSupportedException: Request method 'POST' not supported
===2018-03-04 15:46:08.327 WARN  org.springframework.web.servlet.mvc.support.DefaultHandlerExceptionResolver Line:384 - Failed to read HTTP message: org.springframework.http.converter.HttpMessageNotReadableException: JSON parse error: exepct '[', but {, pos 1, json : {
	"jsons":"[{'projectName':'2','projectId':'2','buildDate':'2018-03-03T16:00:00.000Z','teachingMethod':'2','major':'2'}]",
"type":1
}; nested exception is com.alibaba.fastjson.JSONException: exepct '[', but {, pos 1, json : {
	"jsons":"[{'projectName':'2','projectId':'2','buildDate':'2018-03-03T16:00:00.000Z','teachingMethod':'2','major':'2'}]",
"type":1
}
===2018-03-04 15:46:08.328 WARN  org.springframework.web.servlet.mvc.support.DefaultHandlerExceptionResolver Line:189 - Resolved exception caused by Handler execution: org.springframework.http.converter.HttpMessageNotReadableException: JSON parse error: exepct '[', but {, pos 1, json : {
	"jsons":"[{'projectName':'2','projectId':'2','buildDate':'2018-03-03T16:00:00.000Z','teachingMethod':'2','major':'2'}]",
"type":1
}; nested exception is com.alibaba.fastjson.JSONException: exepct '[', but {, pos 1, json : {
	"jsons":"[{'projectName':'2','projectId':'2','buildDate':'2018-03-03T16:00:00.000Z','teachingMethod':'2','major':'2'}]",
"type":1
}
===2018-03-04 15:46:31.567 WARN  org.springframework.web.servlet.mvc.support.DefaultHandlerExceptionResolver Line:384 - Failed to read HTTP message: org.springframework.http.converter.HttpMessageNotReadableException: JSON parse error: exepct '[', but {, pos 1, json : {
	"jsons":"[{'projectName':'2','projectId':'2','buildDate':'2018-03-03T16:00:00.000Z','teachingMethod':'2','major':'2'}]",
"type":1
}; nested exception is com.alibaba.fastjson.JSONException: exepct '[', but {, pos 1, json : {
	"jsons":"[{'projectName':'2','projectId':'2','buildDate':'2018-03-03T16:00:00.000Z','teachingMethod':'2','major':'2'}]",
"type":1
}
===2018-03-04 15:46:31.568 WARN  org.springframework.web.servlet.mvc.support.DefaultHandlerExceptionResolver Line:189 - Resolved exception caused by Handler execution: org.springframework.http.converter.HttpMessageNotReadableException: JSON parse error: exepct '[', but {, pos 1, json : {
	"jsons":"[{'projectName':'2','projectId':'2','buildDate':'2018-03-03T16:00:00.000Z','teachingMethod':'2','major':'2'}]",
"type":1
}; nested exception is com.alibaba.fastjson.JSONException: exepct '[', but {, pos 1, json : {
	"jsons":"[{'projectName':'2','projectId':'2','buildDate':'2018-03-03T16:00:00.000Z','teachingMethod':'2','major':'2'}]",
"type":1
}
===2018-03-04 15:46:35.653 WARN  org.springframework.web.servlet.mvc.support.DefaultHandlerExceptionResolver Line:384 - Failed to read HTTP message: org.springframework.http.converter.HttpMessageNotReadableException: JSON parse error: exepct '[', but {, pos 1, json : {
	"jsons":"[{'projectName':'2','projectId':'2','buildDate':'2018-03-03T16:00:00.000Z','teachingMethod':'2','major':'2'}]",
"type":1
}; nested exception is com.alibaba.fastjson.JSONException: exepct '[', but {, pos 1, json : {
	"jsons":"[{'projectName':'2','projectId':'2','buildDate':'2018-03-03T16:00:00.000Z','teachingMethod':'2','major':'2'}]",
"type":1
}
===2018-03-04 15:46:35.658 WARN  org.springframework.web.servlet.mvc.support.DefaultHandlerExceptionResolver Line:189 - Resolved exception caused by Handler execution: org.springframework.http.converter.HttpMessageNotReadableException: JSON parse error: exepct '[', but {, pos 1, json : {
	"jsons":"[{'projectName':'2','projectId':'2','buildDate':'2018-03-03T16:00:00.000Z','teachingMethod':'2','major':'2'}]",
"type":1
}; nested exception is com.alibaba.fastjson.JSONException: exepct '[', but {, pos 1, json : {
	"jsons":"[{'projectName':'2','projectId':'2','buildDate':'2018-03-03T16:00:00.000Z','teachingMethod':'2','major':'2'}]",
"type":1
}
===2018-03-04 15:47:55.897 WARN  org.springframework.web.servlet.mvc.support.DefaultHandlerExceptionResolver Line:384 - Failed to read HTTP message: org.springframework.http.converter.HttpMessageNotReadableException: JSON parse error: exepct '[', but {, pos 1, json : {
	"jsons":"{'projectName':'2','projectId':'2','buildDate':'2018-03-03T16:00:00.000Z','teachingMethod':'2','major':'2'}",
"type":1
}; nested exception is com.alibaba.fastjson.JSONException: exepct '[', but {, pos 1, json : {
	"jsons":"{'projectName':'2','projectId':'2','buildDate':'2018-03-03T16:00:00.000Z','teachingMethod':'2','major':'2'}",
"type":1
}
===2018-03-04 15:47:55.901 WARN  org.springframework.web.servlet.mvc.support.DefaultHandlerExceptionResolver Line:189 - Resolved exception caused by Handler execution: org.springframework.http.converter.HttpMessageNotReadableException: JSON parse error: exepct '[', but {, pos 1, json : {
	"jsons":"{'projectName':'2','projectId':'2','buildDate':'2018-03-03T16:00:00.000Z','teachingMethod':'2','major':'2'}",
"type":1
}; nested exception is com.alibaba.fastjson.JSONException: exepct '[', but {, pos 1, json : {
	"jsons":"{'projectName':'2','projectId':'2','buildDate':'2018-03-03T16:00:00.000Z','teachingMethod':'2','major':'2'}",
"type":1
}
===2018-03-04 15:48:11.034 WARN  org.springframework.web.servlet.mvc.support.DefaultHandlerExceptionResolver Line:384 - Failed to read HTTP message: org.springframework.http.converter.HttpMessageNotReadableException: JSON parse error: exepct '[', but {, pos 1, json : {
	"jsons":"1",
"type":1
}; nested exception is com.alibaba.fastjson.JSONException: exepct '[', but {, pos 1, json : {
	"jsons":"1",
"type":1
}
===2018-03-04 15:48:11.035 WARN  org.springframework.web.servlet.mvc.support.DefaultHandlerExceptionResolver Line:189 - Resolved exception caused by Handler execution: org.springframework.http.converter.HttpMessageNotReadableException: JSON parse error: exepct '[', but {, pos 1, json : {
	"jsons":"1",
"type":1
}; nested exception is com.alibaba.fastjson.JSONException: exepct '[', but {, pos 1, json : {
	"jsons":"1",
"type":1
}
===2018-03-04 15:49:17.911 WARN  org.springframework.web.servlet.mvc.support.DefaultHandlerExceptionResolver Line:384 - Failed to read HTTP message: org.springframework.http.converter.HttpMessageNotReadableException: JSON parse error: exepct '[', but {, pos 1, json : {
	"jsons":"1",
"type":1
}; nested exception is com.alibaba.fastjson.JSONException: exepct '[', but {, pos 1, json : {
	"jsons":"1",
"type":1
}
===2018-03-04 15:49:17.912 WARN  org.springframework.web.servlet.mvc.support.DefaultHandlerExceptionResolver Line:189 - Resolved exception caused by Handler execution: org.springframework.http.converter.HttpMessageNotReadableException: JSON parse error: exepct '[', but {, pos 1, json : {
	"jsons":"1",
"type":1
}; nested exception is com.alibaba.fastjson.JSONException: exepct '[', but {, pos 1, json : {
	"jsons":"1",
"type":1
}
===2018-03-04 15:52:09.499 WARN  org.springframework.web.servlet.PageNotFound Line:215 - Request method 'POST' not supported
===2018-03-04 15:52:09.500 WARN  org.springframework.web.servlet.mvc.support.DefaultHandlerExceptionResolver Line:189 - Resolved exception caused by Handler execution: org.springframework.web.HttpRequestMethodNotSupportedException: Request method 'POST' not supported
===2018-03-04 15:53:23.363 WARN  org.springframework.web.servlet.PageNotFound Line:215 - Request method 'POST' not supported
===2018-03-04 15:53:23.364 WARN  org.springframework.web.servlet.mvc.support.DefaultHandlerExceptionResolver Line:189 - Resolved exception caused by Handler execution: org.springframework.web.HttpRequestMethodNotSupportedException: Request method 'POST' not supported
===2018-03-04 15:54:21.950 WARN  org.springframework.web.servlet.mvc.support.DefaultHandlerExceptionResolver Line:384 - Failed to read HTTP message: org.springframework.http.converter.HttpMessageNotReadableException: JSON parse error: exepct '[', but {, pos 1, json : {
	"id":["sssss","ddddd"]
}; nested exception is com.alibaba.fastjson.JSONException: exepct '[', but {, pos 1, json : {
	"id":["sssss","ddddd"]
}
===2018-03-04 15:54:21.951 WARN  org.springframework.web.servlet.mvc.support.DefaultHandlerExceptionResolver Line:189 - Resolved exception caused by Handler execution: org.springframework.http.converter.HttpMessageNotReadableException: JSON parse error: exepct '[', but {, pos 1, json : {
	"id":["sssss","ddddd"]
}; nested exception is com.alibaba.fastjson.JSONException: exepct '[', but {, pos 1, json : {
	"id":["sssss","ddddd"]
}
===2018-03-04 15:59:11.262 WARN  org.springframework.web.servlet.mvc.support.DefaultHandlerExceptionResolver Line:384 - Failed to read HTTP message: org.springframework.http.converter.HttpMessageNotReadableException: JSON parse error: exepct '[', but int, pos 1, json : 0=sss; nested exception is com.alibaba.fastjson.JSONException: exepct '[', but int, pos 1, json : 0=sss
===2018-03-04 15:59:11.264 WARN  org.springframework.web.servlet.mvc.support.DefaultHandlerExceptionResolver Line:189 - Resolved exception caused by Handler execution: org.springframework.http.converter.HttpMessageNotReadableException: JSON parse error: exepct '[', but int, pos 1, json : 0=sss; nested exception is com.alibaba.fastjson.JSONException: exepct '[', but int, pos 1, json : 0=sss
===2018-03-04 15:59:50.620 WARN  org.springframework.web.servlet.mvc.support.DefaultHandlerExceptionResolver Line:384 - Failed to read HTTP message: org.springframework.http.converter.HttpMessageNotReadableException: JSON parse error: exepct '[', but {, pos 1, json : {
	"id":["sssss","ddddd"]
}; nested exception is com.alibaba.fastjson.JSONException: exepct '[', but {, pos 1, json : {
	"id":["sssss","ddddd"]
}
===2018-03-04 15:59:50.622 WARN  org.springframework.web.servlet.mvc.support.DefaultHandlerExceptionResolver Line:189 - Resolved exception caused by Handler execution: org.springframework.http.converter.HttpMessageNotReadableException: JSON parse error: exepct '[', but {, pos 1, json : {
	"id":["sssss","ddddd"]
}; nested exception is com.alibaba.fastjson.JSONException: exepct '[', but {, pos 1, json : {
	"id":["sssss","ddddd"]
}
===2018-03-04 16:00:09.837 WARN  org.springframework.web.servlet.mvc.support.DefaultHandlerExceptionResolver Line:384 - Failed to read HTTP message: org.springframework.http.converter.HttpMessageNotReadableException: JSON parse error: exepct '[', but {, pos 1, json : {
	"id":["sssss","ddddd"]
}; nested exception is com.alibaba.fastjson.JSONException: exepct '[', but {, pos 1, json : {
	"id":["sssss","ddddd"]
}
===2018-03-04 16:00:09.838 WARN  org.springframework.web.servlet.mvc.support.DefaultHandlerExceptionResolver Line:189 - Resolved exception caused by Handler execution: org.springframework.http.converter.HttpMessageNotReadableException: JSON parse error: exepct '[', but {, pos 1, json : {
	"id":["sssss","ddddd"]
}; nested exception is com.alibaba.fastjson.JSONException: exepct '[', but {, pos 1, json : {
	"id":["sssss","ddddd"]
}
===2018-03-04 16:06:26.892 WARN  org.springframework.web.servlet.mvc.support.DefaultHandlerExceptionResolver Line:384 - Failed to read HTTP message: org.springframework.http.converter.HttpMessageNotReadableException: JSON parse error: exepct '[', but {, pos 1, json : {
	"id":["sssss","ddddd"]
}; nested exception is com.alibaba.fastjson.JSONException: exepct '[', but {, pos 1, json : {
	"id":["sssss","ddddd"]
}
===2018-03-04 16:06:26.893 WARN  org.springframework.web.servlet.mvc.support.DefaultHandlerExceptionResolver Line:189 - Resolved exception caused by Handler execution: org.springframework.http.converter.HttpMessageNotReadableException: JSON parse error: exepct '[', but {, pos 1, json : {
	"id":["sssss","ddddd"]
}; nested exception is com.alibaba.fastjson.JSONException: exepct '[', but {, pos 1, json : {
	"id":["sssss","ddddd"]
}
===2018-03-04 16:24:21.230 WARN  org.springframework.web.servlet.PageNotFound Line:215 - Request method 'POST' not supported
===2018-03-04 16:24:21.231 WARN  org.springframework.web.servlet.mvc.support.DefaultHandlerExceptionResolver Line:189 - Resolved exception caused by Handler execution: org.springframework.web.HttpRequestMethodNotSupportedException: Request method 'POST' not supported
===2018-03-04 16:28:55.686 WARN  org.springframework.web.servlet.PageNotFound Line:215 - Request method 'POST' not supported
===2018-03-04 16:28:55.687 WARN  org.springframework.web.servlet.mvc.support.DefaultHandlerExceptionResolver Line:189 - Resolved exception caused by Handler execution: org.springframework.web.HttpRequestMethodNotSupportedException: Request method 'POST' not supported
===2018-03-04 16:34:41.774 WARN  org.springframework.web.servlet.mvc.support.DefaultHandlerExceptionResolver Line:384 - Failed to read HTTP message: org.springframework.http.converter.HttpMessageNotReadableException: JSON parse error: exepct '[', but {, pos 1, json : {
	"jsons":"ddddf",
	"type":1
}; nested exception is com.alibaba.fastjson.JSONException: exepct '[', but {, pos 1, json : {
	"jsons":"ddddf",
	"type":1
}
===2018-03-04 16:34:41.776 WARN  org.springframework.web.servlet.mvc.support.DefaultHandlerExceptionResolver Line:189 - Resolved exception caused by Handler execution: org.springframework.http.converter.HttpMessageNotReadableException: JSON parse error: exepct '[', but {, pos 1, json : {
	"jsons":"ddddf",
	"type":1
}; nested exception is com.alibaba.fastjson.JSONException: exepct '[', but {, pos 1, json : {
	"jsons":"ddddf",
	"type":1
}
===2018-03-04 16:36:31.540 WARN  org.springframework.web.servlet.mvc.support.DefaultHandlerExceptionResolver Line:384 - Failed to read HTTP message: org.springframework.http.converter.HttpMessageNotReadableException: JSON parse error: exepct '[', but {, pos 1, json : {
	"id":"dddddgggg"
}; nested exception is com.alibaba.fastjson.JSONException: exepct '[', but {, pos 1, json : {
	"id":"dddddgggg"
}
===2018-03-04 16:36:31.540 WARN  org.springframework.web.servlet.mvc.support.DefaultHandlerExceptionResolver Line:189 - Resolved exception caused by Handler execution: org.springframework.http.converter.HttpMessageNotReadableException: JSON parse error: exepct '[', but {, pos 1, json : {
	"id":"dddddgggg"
}; nested exception is com.alibaba.fastjson.JSONException: exepct '[', but {, pos 1, json : {
	"id":"dddddgggg"
}
===2018-03-04 16:38:26.577 WARN  org.springframework.web.servlet.mvc.support.DefaultHandlerExceptionResolver Line:384 - Failed to read HTTP message: org.springframework.http.converter.HttpMessageNotReadableException: JSON parse error: exepct '[', but {, pos 1, json : {
	"id":["dddddgggg"]
}; nested exception is com.alibaba.fastjson.JSONException: exepct '[', but {, pos 1, json : {
	"id":["dddddgggg"]
}
===2018-03-04 16:38:26.577 WARN  org.springframework.web.servlet.mvc.support.DefaultHandlerExceptionResolver Line:189 - Resolved exception caused by Handler execution: org.springframework.http.converter.HttpMessageNotReadableException: JSON parse error: exepct '[', but {, pos 1, json : {
	"id":["dddddgggg"]
}; nested exception is com.alibaba.fastjson.JSONException: exepct '[', but {, pos 1, json : {
	"id":["dddddgggg"]
}
===2018-03-04 16:49:28.185 WARN  org.springframework.web.servlet.mvc.support.DefaultHandlerExceptionResolver Line:384 - Failed to read HTTP message: org.springframework.http.converter.HttpMessageNotReadableException: JSON parse error: syntax error, expect [, actual error, pos 0, fieldName null; nested exception is com.alibaba.fastjson.JSONException: syntax error, expect [, actual error, pos 0, fieldName null
===2018-03-04 16:49:28.186 WARN  org.springframework.web.servlet.mvc.support.DefaultHandlerExceptionResolver Line:189 - Resolved exception caused by Handler execution: org.springframework.http.converter.HttpMessageNotReadableException: JSON parse error: syntax error, expect [, actual error, pos 0, fieldName null; nested exception is com.alibaba.fastjson.JSONException: syntax error, expect [, actual error, pos 0, fieldName null
===2018-03-04 16:52:42.782 WARN  org.springframework.web.servlet.mvc.support.DefaultHandlerExceptionResolver Line:384 - Failed to read HTTP message: org.springframework.http.converter.HttpMessageNotReadableException: JSON parse error: syntax error, expect [, actual error, pos 0, fieldName null; nested exception is com.alibaba.fastjson.JSONException: syntax error, expect [, actual error, pos 0, fieldName null
===2018-03-04 16:52:42.784 WARN  org.springframework.web.servlet.mvc.support.DefaultHandlerExceptionResolver Line:189 - Resolved exception caused by Handler execution: org.springframework.http.converter.HttpMessageNotReadableException: JSON parse error: syntax error, expect [, actual error, pos 0, fieldName null; nested exception is com.alibaba.fastjson.JSONException: syntax error, expect [, actual error, pos 0, fieldName null
===2018-03-04 17:00:22.881 WARN  org.springframework.web.servlet.mvc.support.DefaultHandlerExceptionResolver Line:384 - Failed to read HTTP message: org.springframework.http.converter.HttpMessageNotReadableException: JSON parse error: syntax error, expect [, actual error, pos 0, fieldName null; nested exception is com.alibaba.fastjson.JSONException: syntax error, expect [, actual error, pos 0, fieldName null
===2018-03-04 17:00:22.883 WARN  org.springframework.web.servlet.mvc.support.DefaultHandlerExceptionResolver Line:189 - Resolved exception caused by Handler execution: org.springframework.http.converter.HttpMessageNotReadableException: JSON parse error: syntax error, expect [, actual error, pos 0, fieldName null; nested exception is com.alibaba.fastjson.JSONException: syntax error, expect [, actual error, pos 0, fieldName null
===2018-03-04 17:02:49.523 WARN  org.springframework.web.servlet.mvc.support.DefaultHandlerExceptionResolver Line:384 - Failed to read HTTP message: org.springframework.http.converter.HttpMessageNotReadableException: JSON parse error: syntax error, expect [, actual error, pos 0, fieldName null; nested exception is com.alibaba.fastjson.JSONException: syntax error, expect [, actual error, pos 0, fieldName null
===2018-03-04 17:02:49.524 WARN  org.springframework.web.servlet.mvc.support.DefaultHandlerExceptionResolver Line:189 - Resolved exception caused by Handler execution: org.springframework.http.converter.HttpMessageNotReadableException: JSON parse error: syntax error, expect [, actual error, pos 0, fieldName null; nested exception is com.alibaba.fastjson.JSONException: syntax error, expect [, actual error, pos 0, fieldName null
===2018-03-04 17:03:50.289 WARN  org.springframework.web.servlet.mvc.support.DefaultHandlerExceptionResolver Line:384 - Failed to read HTTP message: org.springframework.http.converter.HttpMessageNotReadableException: JSON parse error: syntax error, expect [, actual error, pos 0, fieldName null; nested exception is com.alibaba.fastjson.JSONException: syntax error, expect [, actual error, pos 0, fieldName null
===2018-03-04 17:03:50.290 WARN  org.springframework.web.servlet.mvc.support.DefaultHandlerExceptionResolver Line:189 - Resolved exception caused by Handler execution: org.springframework.http.converter.HttpMessageNotReadableException: JSON parse error: syntax error, expect [, actual error, pos 0, fieldName null; nested exception is com.alibaba.fastjson.JSONException: syntax error, expect [, actual error, pos 0, fieldName null
===2018-03-04 17:05:13.306 WARN  org.springframework.web.servlet.mvc.support.DefaultHandlerExceptionResolver Line:384 - Failed to read HTTP message: org.springframework.http.converter.HttpMessageNotReadableException: JSON parse error: syntax error, expect [, actual error, pos 0, fieldName null; nested exception is com.alibaba.fastjson.JSONException: syntax error, expect [, actual error, pos 0, fieldName null
===2018-03-04 17:05:13.308 WARN  org.springframework.web.servlet.mvc.support.DefaultHandlerExceptionResolver Line:189 - Resolved exception caused by Handler execution: org.springframework.http.converter.HttpMessageNotReadableException: JSON parse error: syntax error, expect [, actual error, pos 0, fieldName null; nested exception is com.alibaba.fastjson.JSONException: syntax error, expect [, actual error, pos 0, fieldName null
===2018-03-04 17:08:40.410 WARN  org.springframework.web.servlet.mvc.support.DefaultHandlerExceptionResolver Line:384 - Failed to read HTTP message: org.springframework.http.converter.HttpMessageNotReadableException: JSON parse error: syntax error, expect [, actual error, pos 0, fieldName null; nested exception is com.alibaba.fastjson.JSONException: syntax error, expect [, actual error, pos 0, fieldName null
===2018-03-04 17:08:40.412 WARN  org.springframework.web.servlet.mvc.support.DefaultHandlerExceptionResolver Line:189 - Resolved exception caused by Handler execution: org.springframework.http.converter.HttpMessageNotReadableException: JSON parse error: syntax error, expect [, actual error, pos 0, fieldName null; nested exception is com.alibaba.fastjson.JSONException: syntax error, expect [, actual error, pos 0, fieldName null
===2018-03-04 17:11:08.109 WARN  org.springframework.web.servlet.mvc.support.DefaultHandlerExceptionResolver Line:384 - Failed to read HTTP message: org.springframework.http.converter.HttpMessageNotReadableException: Required request body is missing: public java.util.Map<java.lang.String, java.lang.Object> com.ncu.controller.BaseController.add(java.util.Map<java.lang.String, java.lang.Object>)
===2018-03-04 17:11:08.110 WARN  org.springframework.web.servlet.mvc.support.DefaultHandlerExceptionResolver Line:189 - Resolved exception caused by Handler execution: org.springframework.http.converter.HttpMessageNotReadableException: Required request body is missing: public java.util.Map<java.lang.String, java.lang.Object> com.ncu.controller.BaseController.add(java.util.Map<java.lang.String, java.lang.Object>)
===2018-03-04 17:12:18.840 WARN  org.springframework.web.servlet.mvc.support.DefaultHandlerExceptionResolver Line:384 - Failed to read HTTP message: org.springframework.http.converter.HttpMessageNotReadableException: JSON parse error: syntax error, expect [, actual error, pos 0, fieldName null; nested exception is com.alibaba.fastjson.JSONException: syntax error, expect [, actual error, pos 0, fieldName null
===2018-03-04 17:12:18.841 WARN  org.springframework.web.servlet.mvc.support.DefaultHandlerExceptionResolver Line:189 - Resolved exception caused by Handler execution: org.springframework.http.converter.HttpMessageNotReadableException: JSON parse error: syntax error, expect [, actual error, pos 0, fieldName null; nested exception is com.alibaba.fastjson.JSONException: syntax error, expect [, actual error, pos 0, fieldName null
===2018-03-04 17:13:32.336 WARN  org.springframework.web.servlet.mvc.support.DefaultHandlerExceptionResolver Line:384 - Failed to read HTTP message: org.springframework.http.converter.HttpMessageNotReadableException: JSON parse error: syntax error, expect [, actual error, pos 0, fieldName null; nested exception is com.alibaba.fastjson.JSONException: syntax error, expect [, actual error, pos 0, fieldName null
===2018-03-04 17:13:32.337 WARN  org.springframework.web.servlet.mvc.support.DefaultHandlerExceptionResolver Line:189 - Resolved exception caused by Handler execution: org.springframework.http.converter.HttpMessageNotReadableException: JSON parse error: syntax error, expect [, actual error, pos 0, fieldName null; nested exception is com.alibaba.fastjson.JSONException: syntax error, expect [, actual error, pos 0, fieldName null
===2018-03-04 17:15:50.598 WARN  org.springframework.web.servlet.mvc.support.DefaultHandlerExceptionResolver Line:384 - Failed to read HTTP message: org.springframework.http.converter.HttpMessageNotReadableException: JSON parse error: syntax error, expect [, actual error, pos 0, fieldName null; nested exception is com.alibaba.fastjson.JSONException: syntax error, expect [, actual error, pos 0, fieldName null
===2018-03-04 17:15:50.599 WARN  org.springframework.web.servlet.mvc.support.DefaultHandlerExceptionResolver Line:189 - Resolved exception caused by Handler execution: org.springframework.http.converter.HttpMessageNotReadableException: JSON parse error: syntax error, expect [, actual error, pos 0, fieldName null; nested exception is com.alibaba.fastjson.JSONException: syntax error, expect [, actual error, pos 0, fieldName null
===2018-03-04 17:17:14.957 WARN  org.springframework.web.servlet.mvc.support.DefaultHandlerExceptionResolver Line:384 - Failed to read HTTP message: org.springframework.http.converter.HttpMessageNotReadableException: Required request body is missing: public java.util.Map<java.lang.String, java.lang.Object> com.ncu.controller.BaseController.add(java.util.Map<java.lang.String, java.lang.Object>)
===2018-03-04 17:17:14.958 WARN  org.springframework.web.servlet.mvc.support.DefaultHandlerExceptionResolver Line:189 - Resolved exception caused by Handler execution: org.springframework.http.converter.HttpMessageNotReadableException: Required request body is missing: public java.util.Map<java.lang.String, java.lang.Object> com.ncu.controller.BaseController.add(java.util.Map<java.lang.String, java.lang.Object>)
===2018-03-04 17:20:52.142 WARN  org.springframework.web.servlet.mvc.support.DefaultHandlerExceptionResolver Line:384 - Failed to read HTTP message: org.springframework.http.converter.HttpMessageNotReadableException: JSON parse error: syntax error, expect [, actual error, pos 0, fieldName null; nested exception is com.alibaba.fastjson.JSONException: syntax error, expect [, actual error, pos 0, fieldName null
===2018-03-04 17:20:52.143 WARN  org.springframework.web.servlet.mvc.support.DefaultHandlerExceptionResolver Line:189 - Resolved exception caused by Handler execution: org.springframework.http.converter.HttpMessageNotReadableException: JSON parse error: syntax error, expect [, actual error, pos 0, fieldName null; nested exception is com.alibaba.fastjson.JSONException: syntax error, expect [, actual error, pos 0, fieldName null
===2018-03-04 17:21:42.207 WARN  org.springframework.web.servlet.mvc.support.DefaultHandlerExceptionResolver Line:384 - Failed to read HTTP message: org.springframework.http.converter.HttpMessageNotReadableException: JSON parse error: syntax error, expect [, actual error, pos 0, fieldName null; nested exception is com.alibaba.fastjson.JSONException: syntax error, expect [, actual error, pos 0, fieldName null
===2018-03-04 17:21:42.209 WARN  org.springframework.web.servlet.mvc.support.DefaultHandlerExceptionResolver Line:189 - Resolved exception caused by Handler execution: org.springframework.http.converter.HttpMessageNotReadableException: JSON parse error: syntax error, expect [, actual error, pos 0, fieldName null; nested exception is com.alibaba.fastjson.JSONException: syntax error, expect [, actual error, pos 0, fieldName null
===2018-03-04 17:30:05.171 WARN  org.springframework.web.servlet.mvc.support.DefaultHandlerExceptionResolver Line:384 - Failed to read HTTP message: org.springframework.http.converter.HttpMessageNotReadableException: Required request body is missing: public java.util.Map<java.lang.String, java.lang.Object> com.ncu.controller.BaseController.add(java.util.Map<java.lang.String, java.lang.Object>)
===2018-03-04 17:30:05.174 WARN  org.springframework.web.servlet.mvc.support.DefaultHandlerExceptionResolver Line:189 - Resolved exception caused by Handler execution: org.springframework.http.converter.HttpMessageNotReadableException: Required request body is missing: public java.util.Map<java.lang.String, java.lang.Object> com.ncu.controller.BaseController.add(java.util.Map<java.lang.String, java.lang.Object>)
===2018-03-04 17:30:18.841 WARN  org.springframework.web.servlet.PageNotFound Line:215 - Request method 'POST' not supported
===2018-03-04 17:30:18.841 WARN  org.springframework.web.servlet.mvc.support.DefaultHandlerExceptionResolver Line:189 - Resolved exception caused by Handler execution: org.springframework.web.HttpRequestMethodNotSupportedException: Request method 'POST' not supported
===2018-03-04 17:31:15.179 WARN  org.springframework.web.servlet.mvc.support.DefaultHandlerExceptionResolver Line:384 - Failed to read HTTP message: org.springframework.http.converter.HttpMessageNotReadableException: JSON parse error: syntax error, expect [, actual error, pos 0, fieldName null; nested exception is com.alibaba.fastjson.JSONException: syntax error, expect [, actual error, pos 0, fieldName null
===2018-03-04 17:31:15.180 WARN  org.springframework.web.servlet.mvc.support.DefaultHandlerExceptionResolver Line:189 - Resolved exception caused by Handler execution: org.springframework.http.converter.HttpMessageNotReadableException: JSON parse error: syntax error, expect [, actual error, pos 0, fieldName null; nested exception is com.alibaba.fastjson.JSONException: syntax error, expect [, actual error, pos 0, fieldName null
===2018-03-04 17:35:35.739 WARN  org.springframework.web.servlet.mvc.support.DefaultHandlerExceptionResolver Line:384 - Failed to read HTTP message: org.springframework.http.converter.HttpMessageNotReadableException: JSON parse error: syntax error, expect [, actual error, pos 0, fieldName null; nested exception is com.alibaba.fastjson.JSONException: syntax error, expect [, actual error, pos 0, fieldName null
===2018-03-04 17:35:35.740 WARN  org.springframework.web.servlet.mvc.support.DefaultHandlerExceptionResolver Line:189 - Resolved exception caused by Handler execution: org.springframework.http.converter.HttpMessageNotReadableException: JSON parse error: syntax error, expect [, actual error, pos 0, fieldName null; nested exception is com.alibaba.fastjson.JSONException: syntax error, expect [, actual error, pos 0, fieldName null
===2018-03-04 17:36:16.906 WARN  org.springframework.web.servlet.mvc.support.DefaultHandlerExceptionResolver Line:384 - Failed to read HTTP message: org.springframework.http.converter.HttpMessageNotReadableException: JSON parse error: syntax error, expect [, actual error, pos 0, fieldName null; nested exception is com.alibaba.fastjson.JSONException: syntax error, expect [, actual error, pos 0, fieldName null
===2018-03-04 17:36:16.912 WARN  org.springframework.web.servlet.mvc.support.DefaultHandlerExceptionResolver Line:189 - Resolved exception caused by Handler execution: org.springframework.http.converter.HttpMessageNotReadableException: JSON parse error: syntax error, expect [, actual error, pos 0, fieldName null; nested exception is com.alibaba.fastjson.JSONException: syntax error, expect [, actual error, pos 0, fieldName null
===2018-03-04 17:38:44.369 WARN  org.springframework.web.servlet.mvc.support.DefaultHandlerExceptionResolver Line:384 - Failed to read HTTP message: org.springframework.http.converter.HttpMessageNotReadableException: JSON parse error: syntax error, expect [, actual error, pos 0, fieldName null; nested exception is com.alibaba.fastjson.JSONException: syntax error, expect [, actual error, pos 0, fieldName null
===2018-03-04 17:38:44.370 WARN  org.springframework.web.servlet.mvc.support.DefaultHandlerExceptionResolver Line:189 - Resolved exception caused by Handler execution: org.springframework.http.converter.HttpMessageNotReadableException: JSON parse error: syntax error, expect [, actual error, pos 0, fieldName null; nested exception is com.alibaba.fastjson.JSONException: syntax error, expect [, actual error, pos 0, fieldName null
===2018-03-04 17:52:07.757 WARN  org.springframework.web.servlet.mvc.support.DefaultHandlerExceptionResolver Line:384 - Failed to read HTTP message: org.springframework.http.converter.HttpMessageNotReadableException: JSON parse error: syntax error, expect [, actual error, pos 0, fieldName null; nested exception is com.alibaba.fastjson.JSONException: syntax error, expect [, actual error, pos 0, fieldName null
===2018-03-04 17:52:07.758 WARN  org.springframework.web.servlet.mvc.support.DefaultHandlerExceptionResolver Line:189 - Resolved exception caused by Handler execution: org.springframework.http.converter.HttpMessageNotReadableException: JSON parse error: syntax error, expect [, actual error, pos 0, fieldName null; nested exception is com.alibaba.fastjson.JSONException: syntax error, expect [, actual error, pos 0, fieldName null
===2018-03-04 17:53:14.231 WARN  org.springframework.web.servlet.mvc.support.DefaultHandlerExceptionResolver Line:384 - Failed to read HTTP message: org.springframework.http.converter.HttpMessageNotReadableException: Required request body is missing: public java.lang.String com.ncu.controller.BaseController.test(java.util.Map<java.lang.String, java.lang.Object>)
===2018-03-04 17:53:14.232 WARN  org.springframework.web.servlet.mvc.support.DefaultHandlerExceptionResolver Line:189 - Resolved exception caused by Handler execution: org.springframework.http.converter.HttpMessageNotReadableException: Required request body is missing: public java.lang.String com.ncu.controller.BaseController.test(java.util.Map<java.lang.String, java.lang.Object>)
===2018-03-04 17:53:44.021 WARN  org.springframework.web.servlet.mvc.support.DefaultHandlerExceptionResolver Line:384 - Failed to read HTTP message: org.springframework.http.converter.HttpMessageNotReadableException: JSON parse error: syntax error, expect [, actual error, pos 0, fieldName null; nested exception is com.alibaba.fastjson.JSONException: syntax error, expect [, actual error, pos 0, fieldName null
===2018-03-04 17:53:44.022 WARN  org.springframework.web.servlet.mvc.support.DefaultHandlerExceptionResolver Line:189 - Resolved exception caused by Handler execution: org.springframework.http.converter.HttpMessageNotReadableException: JSON parse error: syntax error, expect [, actual error, pos 0, fieldName null; nested exception is com.alibaba.fastjson.JSONException: syntax error, expect [, actual error, pos 0, fieldName null
===2018-03-04 17:54:14.174 WARN  org.springframework.web.servlet.mvc.support.DefaultHandlerExceptionResolver Line:384 - Failed to read HTTP message: org.springframework.http.converter.HttpMessageNotReadableException: JSON parse error: syntax error, expect [, actual int, pos 0, fieldName null; nested exception is com.alibaba.fastjson.JSONException: syntax error, expect [, actual int, pos 0, fieldName null
===2018-03-04 17:54:14.175 WARN  org.springframework.web.servlet.mvc.support.DefaultHandlerExceptionResolver Line:189 - Resolved exception caused by Handler execution: org.springframework.http.converter.HttpMessageNotReadableException: JSON parse error: syntax error, expect [, actual int, pos 0, fieldName null; nested exception is com.alibaba.fastjson.JSONException: syntax error, expect [, actual int, pos 0, fieldName null
===2018-03-04 17:55:13.191 WARN  org.springframework.web.servlet.mvc.support.DefaultHandlerExceptionResolver Line:384 - Failed to read HTTP message: org.springframework.http.converter.HttpMessageNotReadableException: JSON parse error: syntax error, expect [, actual int, pos 0, fieldName null; nested exception is com.alibaba.fastjson.JSONException: syntax error, expect [, actual int, pos 0, fieldName null
===2018-03-04 17:55:13.192 WARN  org.springframework.web.servlet.mvc.support.DefaultHandlerExceptionResolver Line:189 - Resolved exception caused by Handler execution: org.springframework.http.converter.HttpMessageNotReadableException: JSON parse error: syntax error, expect [, actual int, pos 0, fieldName null; nested exception is com.alibaba.fastjson.JSONException: syntax error, expect [, actual int, pos 0, fieldName null
===2018-03-04 18:00:21.497 WARN  org.springframework.web.servlet.mvc.support.DefaultHandlerExceptionResolver Line:384 - Failed to read HTTP message: org.springframework.http.converter.HttpMessageNotReadableException: JSON parse error: syntax error, expect [, actual error, pos 0, fieldName null; nested exception is com.alibaba.fastjson.JSONException: syntax error, expect [, actual error, pos 0, fieldName null
===2018-03-04 18:00:21.498 WARN  org.springframework.web.servlet.mvc.support.DefaultHandlerExceptionResolver Line:189 - Resolved exception caused by Handler execution: org.springframework.http.converter.HttpMessageNotReadableException: JSON parse error: syntax error, expect [, actual error, pos 0, fieldName null; nested exception is com.alibaba.fastjson.JSONException: syntax error, expect [, actual error, pos 0, fieldName null
===2018-03-04 18:00:36.204 WARN  org.springframework.web.servlet.mvc.support.DefaultHandlerExceptionResolver Line:384 - Failed to read HTTP message: org.springframework.http.converter.HttpMessageNotReadableException: JSON parse error: syntax error, expect [, actual error, pos 0, fieldName null; nested exception is com.alibaba.fastjson.JSONException: syntax error, expect [, actual error, pos 0, fieldName null
===2018-03-04 18:00:36.206 WARN  org.springframework.web.servlet.mvc.support.DefaultHandlerExceptionResolver Line:189 - Resolved exception caused by Handler execution: org.springframework.http.converter.HttpMessageNotReadableException: JSON parse error: syntax error, expect [, actual error, pos 0, fieldName null; nested exception is com.alibaba.fastjson.JSONException: syntax error, expect [, actual error, pos 0, fieldName null
===2018-03-04 18:03:25.340 WARN  org.springframework.web.servlet.mvc.support.DefaultHandlerExceptionResolver Line:384 - Failed to read HTTP message: org.springframework.http.converter.HttpMessageNotReadableException: JSON parse error: syntax error, expect [, actual error, pos 0, fieldName null; nested exception is com.alibaba.fastjson.JSONException: syntax error, expect [, actual error, pos 0, fieldName null
===2018-03-04 18:03:25.341 WARN  org.springframework.web.servlet.mvc.support.DefaultHandlerExceptionResolver Line:189 - Resolved exception caused by Handler execution: org.springframework.http.converter.HttpMessageNotReadableException: JSON parse error: syntax error, expect [, actual error, pos 0, fieldName null; nested exception is com.alibaba.fastjson.JSONException: syntax error, expect [, actual error, pos 0, fieldName null
===2018-03-04 18:03:30.555 WARN  org.springframework.web.servlet.mvc.support.DefaultHandlerExceptionResolver Line:384 - Failed to read HTTP message: org.springframework.http.converter.HttpMessageNotReadableException: JSON parse error: syntax error, expect [, actual error, pos 0, fieldName null; nested exception is com.alibaba.fastjson.JSONException: syntax error, expect [, actual error, pos 0, fieldName null
===2018-03-04 18:03:30.556 WARN  org.springframework.web.servlet.mvc.support.DefaultHandlerExceptionResolver Line:189 - Resolved exception caused by Handler execution: org.springframework.http.converter.HttpMessageNotReadableException: JSON parse error: syntax error, expect [, actual error, pos 0, fieldName null; nested exception is com.alibaba.fastjson.JSONException: syntax error, expect [, actual error, pos 0, fieldName null
===2018-03-04 18:12:10.259 WARN  org.springframework.web.servlet.mvc.support.DefaultHandlerExceptionResolver Line:384 - Failed to read HTTP message: org.springframework.http.converter.HttpMessageNotReadableException: JSON parse error: syntax error, expect [, actual error, pos 0, fieldName null; nested exception is com.alibaba.fastjson.JSONException: syntax error, expect [, actual error, pos 0, fieldName null
===2018-03-04 18:12:10.260 WARN  org.springframework.web.servlet.mvc.support.DefaultHandlerExceptionResolver Line:189 - Resolved exception caused by Handler execution: org.springframework.http.converter.HttpMessageNotReadableException: JSON parse error: syntax error, expect [, actual error, pos 0, fieldName null; nested exception is com.alibaba.fastjson.JSONException: syntax error, expect [, actual error, pos 0, fieldName null
===2018-03-04 18:12:15.611 WARN  org.springframework.web.servlet.mvc.support.DefaultHandlerExceptionResolver Line:384 - Failed to read HTTP message: org.springframework.http.converter.HttpMessageNotReadableException: JSON parse error: syntax error, expect [, actual error, pos 0, fieldName null; nested exception is com.alibaba.fastjson.JSONException: syntax error, expect [, actual error, pos 0, fieldName null
===2018-03-04 18:12:15.613 WARN  org.springframework.web.servlet.mvc.support.DefaultHandlerExceptionResolver Line:189 - Resolved exception caused by Handler execution: org.springframework.http.converter.HttpMessageNotReadableException: JSON parse error: syntax error, expect [, actual error, pos 0, fieldName null; nested exception is com.alibaba.fastjson.JSONException: syntax error, expect [, actual error, pos 0, fieldName null
===2018-03-04 19:04:54.593 WARN  org.springframework.web.servlet.mvc.support.DefaultHandlerExceptionResolver Line:384 - Failed to read HTTP message: org.springframework.http.converter.HttpMessageNotReadableException: JSON parse error: syntax error, expect [, actual int, pos 0, fieldName null; nested exception is com.alibaba.fastjson.JSONException: syntax error, expect [, actual int, pos 0, fieldName null
===2018-03-04 19:04:54.595 WARN  org.springframework.web.servlet.mvc.support.DefaultHandlerExceptionResolver Line:189 - Resolved exception caused by Handler execution: org.springframework.http.converter.HttpMessageNotReadableException: JSON parse error: syntax error, expect [, actual int, pos 0, fieldName null; nested exception is com.alibaba.fastjson.JSONException: syntax error, expect [, actual int, pos 0, fieldName null
===2018-03-04 19:05:34.285 WARN  org.springframework.web.servlet.mvc.support.DefaultHandlerExceptionResolver Line:384 - Failed to read HTTP message: org.springframework.http.converter.HttpMessageNotReadableException: JSON parse error: syntax error, expect [, actual int, pos 0, fieldName null; nested exception is com.alibaba.fastjson.JSONException: syntax error, expect [, actual int, pos 0, fieldName null
===2018-03-04 19:05:34.286 WARN  org.springframework.web.servlet.mvc.support.DefaultHandlerExceptionResolver Line:189 - Resolved exception caused by Handler execution: org.springframework.http.converter.HttpMessageNotReadableException: JSON parse error: syntax error, expect [, actual int, pos 0, fieldName null; nested exception is com.alibaba.fastjson.JSONException: syntax error, expect [, actual int, pos 0, fieldName null
===2018-03-04 19:05:39.746 WARN  org.springframework.web.servlet.mvc.support.DefaultHandlerExceptionResolver Line:384 - Failed to read HTTP message: org.springframework.http.converter.HttpMessageNotReadableException: JSON parse error: syntax error, expect [, actual int, pos 0, fieldName null; nested exception is com.alibaba.fastjson.JSONException: syntax error, expect [, actual int, pos 0, fieldName null
===2018-03-04 19:05:39.747 WARN  org.springframework.web.servlet.mvc.support.DefaultHandlerExceptionResolver Line:189 - Resolved exception caused by Handler execution: org.springframework.http.converter.HttpMessageNotReadableException: JSON parse error: syntax error, expect [, actual int, pos 0, fieldName null; nested exception is com.alibaba.fastjson.JSONException: syntax error, expect [, actual int, pos 0, fieldName null
===2018-03-04 19:05:47.584 WARN  org.springframework.web.servlet.mvc.support.DefaultHandlerExceptionResolver Line:384 - Failed to read HTTP message: org.springframework.http.converter.HttpMessageNotReadableException: JSON parse error: syntax error, expect [, actual int, pos 0, fieldName null; nested exception is com.alibaba.fastjson.JSONException: syntax error, expect [, actual int, pos 0, fieldName null
===2018-03-04 19:05:47.585 WARN  org.springframework.web.servlet.mvc.support.DefaultHandlerExceptionResolver Line:189 - Resolved exception caused by Handler execution: org.springframework.http.converter.HttpMessageNotReadableException: JSON parse error: syntax error, expect [, actual int, pos 0, fieldName null; nested exception is com.alibaba.fastjson.JSONException: syntax error, expect [, actual int, pos 0, fieldName null
===2018-03-04 19:11:36.691 WARN  org.springframework.web.servlet.mvc.support.DefaultHandlerExceptionResolver Line:384 - Failed to read HTTP message: org.springframework.http.converter.HttpMessageNotReadableException: JSON parse error: syntax error, expect [, actual int, pos 0, fieldName null; nested exception is com.alibaba.fastjson.JSONException: syntax error, expect [, actual int, pos 0, fieldName null
===2018-03-04 19:11:36.693 WARN  org.springframework.web.servlet.mvc.support.DefaultHandlerExceptionResolver Line:189 - Resolved exception caused by Handler execution: org.springframework.http.converter.HttpMessageNotReadableException: JSON parse error: syntax error, expect [, actual int, pos 0, fieldName null; nested exception is com.alibaba.fastjson.JSONException: syntax error, expect [, actual int, pos 0, fieldName null
===2018-03-04 21:27:44.776 WARN  org.springframework.web.servlet.PageNotFound Line:215 - Request method 'POST' not supported
===2018-03-04 21:27:44.778 WARN  org.springframework.web.servlet.mvc.support.DefaultHandlerExceptionResolver Line:189 - Resolved exception caused by Handler execution: org.springframework.web.HttpRequestMethodNotSupportedException: Request method 'POST' not supported
