===2018-03-06 17:07:00.357 WARN  org.springframework.web.servlet.mvc.support.DefaultHandlerExceptionResolver Line:384 - Failed to read HTTP message: org.springframework.http.converter.HttpMessageNotReadableException: JSON parse error: exepct '[', but {, pos 1, json : {
	"type":1,
	"json":[{
		"projectId":"1243",
		"projectName":"java",
		"teachingMethod":"1",
		"major":"1",
		"listData":[{
			"dataName":"fujian",
			"dataPath":"/attachment"
		}]
	}]
}; nested exception is com.alibaba.fastjson.JSONException: exepct '[', but {, pos 1, json : {
	"type":1,
	"json":[{
		"projectId":"1243",
		"projectName":"java",
		"teachingMethod":"1",
		"major":"1",
		"listData":[{
			"dataName":"fujian",
			"dataPath":"/attachment"
		}]
	}]
}
===2018-03-06 17:07:00.376 WARN  org.springframework.web.servlet.mvc.support.DefaultHandlerExceptionResolver Line:189 - Resolved exception caused by Handler execution: org.springframework.http.converter.HttpMessageNotReadableException: JSON parse error: exepct '[', but {, pos 1, json : {
	"type":1,
	"json":[{
		"projectId":"1243",
		"projectName":"java",
		"teachingMethod":"1",
		"major":"1",
		"listData":[{
			"dataName":"fujian",
			"dataPath":"/attachment"
		}]
	}]
}; nested exception is com.alibaba.fastjson.JSONException: exepct '[', but {, pos 1, json : {
	"type":1,
	"json":[{
		"projectId":"1243",
		"projectName":"java",
		"teachingMethod":"1",
		"major":"1",
		"listData":[{
			"dataName":"fujian",
			"dataPath":"/attachment"
		}]
	}]
}
===2018-03-06 17:11:20.620 WARN  org.springframework.web.servlet.mvc.support.DefaultHandlerExceptionResolver Line:384 - Failed to read HTTP message: org.springframework.http.converter.HttpMessageNotReadableException: Required request body is missing: public java.util.Map<java.lang.String, java.lang.Object> com.ncu.controller.BaseController.add(java.util.List<com.ncu.model.BuildProject>,int)
===2018-03-06 17:11:20.621 WARN  org.springframework.web.servlet.mvc.support.DefaultHandlerExceptionResolver Line:189 - Resolved exception caused by Handler execution: org.springframework.http.converter.HttpMessageNotReadableException: Required request body is missing: public java.util.Map<java.lang.String, java.lang.Object> com.ncu.controller.BaseController.add(java.util.List<com.ncu.model.BuildProject>,int)
===2018-03-06 17:16:19.307 WARN  org.springframework.web.servlet.mvc.support.DefaultHandlerExceptionResolver Line:384 - Failed to read HTTP message: org.springframework.http.converter.HttpMessageNotReadableException: JSON parse error: exepct '[', but {, pos 1, json : {
              
                "json": {
		"projectId":"1243",
		"projectName":"java",
		"teachingMethod":"1",
		"major":"1",
		"listData":[{
			"dataName":"fujian",
			"dataPath":"/attachment"
		}] 
             }
             
             
             

}; nested exception is com.alibaba.fastjson.JSONException: exepct '[', but {, pos 1, json : {
              
                "json": {
		"projectId":"1243",
		"projectName":"java",
		"teachingMethod":"1",
		"major":"1",
		"listData":[{
			"dataName":"fujian",
			"dataPath":"/attachment"
		}] 
             }
             
             
             

}
===2018-03-06 17:16:19.308 WARN  org.springframework.web.servlet.mvc.support.DefaultHandlerExceptionResolver Line:189 - Resolved exception caused by Handler execution: org.springframework.http.converter.HttpMessageNotReadableException: JSON parse error: exepct '[', but {, pos 1, json : {
              
                "json": {
		"projectId":"1243",
		"projectName":"java",
		"teachingMethod":"1",
		"major":"1",
		"listData":[{
			"dataName":"fujian",
			"dataPath":"/attachment"
		}] 
             }
             
             
             

}; nested exception is com.alibaba.fastjson.JSONException: exepct '[', but {, pos 1, json : {
              
                "json": {
		"projectId":"1243",
		"projectName":"java",
		"teachingMethod":"1",
		"major":"1",
		"listData":[{
			"dataName":"fujian",
			"dataPath":"/attachment"
		}] 
             }
             
             
             

}
===2018-03-06 17:18:33.290 WARN  org.springframework.web.servlet.mvc.support.DefaultHandlerExceptionResolver Line:384 - Failed to read HTTP message: org.springframework.http.converter.HttpMessageNotReadableException: JSON parse error: For input string: "2018-3-6"; nested exception is com.alibaba.fastjson.JSONException: For input string: "2018-3-6"
===2018-03-06 17:18:33.291 WARN  org.springframework.web.servlet.mvc.support.DefaultHandlerExceptionResolver Line:189 - Resolved exception caused by Handler execution: org.springframework.http.converter.HttpMessageNotReadableException: JSON parse error: For input string: "2018-3-6"; nested exception is com.alibaba.fastjson.JSONException: For input string: "2018-3-6"
===2018-03-06 17:20:32.450 WARN  org.springframework.web.servlet.mvc.support.DefaultHandlerExceptionResolver Line:384 - Failed to read HTTP message: org.springframework.http.converter.HttpMessageNotReadableException: JSON parse error: For input string: "2018-3-6"; nested exception is com.alibaba.fastjson.JSONException: For input string: "2018-3-6"
===2018-03-06 17:20:32.451 WARN  org.springframework.web.servlet.mvc.support.DefaultHandlerExceptionResolver Line:189 - Resolved exception caused by Handler execution: org.springframework.http.converter.HttpMessageNotReadableException: JSON parse error: For input string: "2018-3-6"; nested exception is com.alibaba.fastjson.JSONException: For input string: "2018-3-6"
===2018-03-06 17:24:50.829 WARN  org.springframework.boot.context.embedded.AnnotationConfigEmbeddedWebApplicationContext Line:551 - Exception encountered during context initialization - cancelling refresh attempt: org.springframework.beans.factory.UnsatisfiedDependencyException: Error creating bean with name 'baseController': Unsatisfied dependency expressed through field 'baseService'; nested exception is org.springframework.beans.factory.NoSuchBeanDefinitionException: No qualifying bean of type 'com.ncu.service.BaseService' available: expected at least 1 bean which qualifies as autowire candidate. Dependency annotations: {@org.springframework.beans.factory.annotation.Autowired(required=true)}
===2018-03-06 17:32:55.356 WARN  org.springframework.boot.context.embedded.AnnotationConfigEmbeddedWebApplicationContext Line:551 - Exception encountered during context initialization - cancelling refresh attempt: org.springframework.beans.factory.UnsatisfiedDependencyException: Error creating bean with name 'baseController': Unsatisfied dependency expressed through field 'baseService'; nested exception is org.springframework.beans.factory.NoSuchBeanDefinitionException: No qualifying bean of type 'com.ncu.service.BaseService' available: expected at least 1 bean which qualifies as autowire candidate. Dependency annotations: {@org.springframework.beans.factory.annotation.Autowired(required=true)}
===2018-03-06 17:34:12.937 WARN  org.springframework.boot.context.embedded.AnnotationConfigEmbeddedWebApplicationContext Line:551 - Exception encountered during context initialization - cancelling refresh attempt: org.springframework.beans.factory.UnsatisfiedDependencyException: Error creating bean with name 'baseController': Unsatisfied dependency expressed through field 'baseService'; nested exception is org.springframework.beans.factory.NoSuchBeanDefinitionException: No qualifying bean of type 'com.ncu.service.BaseService' available: expected at least 1 bean which qualifies as autowire candidate. Dependency annotations: {@org.springframework.beans.factory.annotation.Autowired(required=true)}
===2018-03-06 17:42:41.280 WARN  org.springframework.boot.context.embedded.AnnotationConfigEmbeddedWebApplicationContext Line:551 - Exception encountered during context initialization - cancelling refresh attempt: org.springframework.beans.factory.BeanCreationException: Error creating bean with name 'requestMappingHandlerMapping' defined in class path resource [org/springframework/boot/autoconfigure/web/WebMvcAutoConfiguration$EnableWebMvcConfiguration.class]: Invocation of init method failed; nested exception is java.lang.IllegalStateException: Ambiguous mapping. Cannot map 'baseController' method 
public java.util.Map<java.lang.String, java.lang.Object> com.ncu.controller.BaseController.addBuildProject(java.util.List<com.ncu.model.BuildProject>)
to {[/add],methods=[POST],produces=[application/json;charset=UTF-8]}: There is already 'baseController' bean method
public java.util.Map<java.lang.String, java.lang.Object> com.ncu.controller.BaseController.add(java.util.List<com.ncu.model.BuildProject>) mapped.
===2018-03-06 17:47:19.957 WARN  org.springframework.boot.context.embedded.AnnotationConfigEmbeddedWebApplicationContext Line:551 - Exception encountered during context initialization - cancelling refresh attempt: org.springframework.beans.factory.UnsatisfiedDependencyException: Error creating bean with name 'baseController': Unsatisfied dependency expressed through field 'baseService'; nested exception is org.springframework.beans.factory.NoSuchBeanDefinitionException: No qualifying bean of type 'com.ncu.service.BaseService' available: expected at least 1 bean which qualifies as autowire candidate. Dependency annotations: {@org.springframework.beans.factory.annotation.Autowired(required=true)}
===2018-03-06 17:47:34.614 WARN  org.springframework.boot.context.embedded.AnnotationConfigEmbeddedWebApplicationContext Line:551 - Exception encountered during context initialization - cancelling refresh attempt: org.springframework.beans.factory.BeanCreationException: Error creating bean with name 'baseController' defined in file [C:\project\dingding\工作资料管理\workingdata-master\datamanagement\target\classes\com\ncu\controller\BaseController.class]: Post-processing of merged bean definition failed; nested exception is java.lang.IllegalStateException: Failed to introspect bean class [com.ncu.controller.BaseController] for resource metadata: could not find class that it depends on
===2018-03-06 17:49:23.023 WARN  org.springframework.boot.context.embedded.AnnotationConfigEmbeddedWebApplicationContext Line:551 - Exception encountered during context initialization - cancelling refresh attempt: org.springframework.beans.factory.BeanCreationException: Error creating bean with name 'baseController' defined in file [C:\project\dingding\工作资料管理\workingdata-master\datamanagement\target\classes\com\ncu\controller\BaseController.class]: Post-processing of merged bean definition failed; nested exception is java.lang.IllegalStateException: Failed to introspect bean class [com.ncu.controller.BaseController] for resource metadata: could not find class that it depends on
===2018-03-06 17:50:02.711 WARN  org.springframework.boot.context.embedded.AnnotationConfigEmbeddedWebApplicationContext Line:551 - Exception encountered during context initialization - cancelling refresh attempt: org.springframework.beans.factory.UnsatisfiedDependencyException: Error creating bean with name 'baseController': Unsatisfied dependency expressed through field 'baseService'; nested exception is org.springframework.beans.factory.NoSuchBeanDefinitionException: No qualifying bean of type 'com.ncu.service.BaseService' available: expected at least 1 bean which qualifies as autowire candidate. Dependency annotations: {@org.springframework.beans.factory.annotation.Autowired(required=true)}
===2018-03-06 17:50:23.738 WARN  org.springframework.boot.context.embedded.AnnotationConfigEmbeddedWebApplicationContext Line:551 - Exception encountered during context initialization - cancelling refresh attempt: org.springframework.beans.factory.UnsatisfiedDependencyException: Error creating bean with name 'baseController': Unsatisfied dependency expressed through field 'baseService'; nested exception is org.springframework.beans.factory.NoSuchBeanDefinitionException: No qualifying bean of type 'com.ncu.service.BaseService' available: expected at least 1 bean which qualifies as autowire candidate. Dependency annotations: {@org.springframework.beans.factory.annotation.Autowired(required=true)}
===2018-03-06 17:51:14.584 WARN  org.springframework.boot.context.embedded.AnnotationConfigEmbeddedWebApplicationContext Line:551 - Exception encountered during context initialization - cancelling refresh attempt: org.springframework.beans.factory.UnsatisfiedDependencyException: Error creating bean with name 'baseController': Unsatisfied dependency expressed through field 'baseService'; nested exception is org.springframework.beans.factory.NoSuchBeanDefinitionException: No qualifying bean of type 'com.ncu.service.BaseService' available: expected at least 1 bean which qualifies as autowire candidate. Dependency annotations: {@org.springframework.beans.factory.annotation.Autowired(required=true)}
