===2018-03-12 09:37:37.328 WARN  org.springframework.boot.SpringApplication Line:755 - Unable to close ApplicationContext
org.springframework.beans.factory.CannotLoadBeanClassException: Cannot find class [com.ncu.controller.BaseController] for bean with name 'baseController' defined in file [C:\project\dingding\工作资料管理\workingdata-master\datamanagement\target\classes\com\ncu\controller\BaseController.class]; nested exception is java.lang.ClassNotFoundException: com.ncu.controller.BaseController
	at org.springframework.beans.factory.support.AbstractBeanFactory.resolveBeanClass(AbstractBeanFactory.java:1385)
	at org.springframework.beans.factory.support.AbstractAutowireCapableBeanFactory.determineTargetType(AbstractAutowireCapableBeanFactory.java:641)
	at org.springframework.beans.factory.support.AbstractAutowireCapableBeanFactory.predictBeanType(AbstractAutowireCapableBeanFactory.java:609)
	at org.springframework.beans.factory.support.AbstractBeanFactory.isFactoryBean(AbstractBeanFactory.java:1484)
	at org.springframework.beans.factory.support.DefaultListableBeanFactory.doGetBeanNamesForType(DefaultListableBeanFactory.java:425)
	at org.springframework.beans.factory.support.DefaultListableBeanFactory.getBeanNamesForType(DefaultListableBeanFactory.java:395)
	at org.springframework.beans.factory.support.DefaultListableBeanFactory.getBeansOfType(DefaultListableBeanFactory.java:515)
	at org.springframework.beans.factory.support.DefaultListableBeanFactory.getBeansOfType(DefaultListableBeanFactory.java:508)
	at org.springframework.context.support.AbstractApplicationContext.getBeansOfType(AbstractApplicationContext.java:1188)
	at org.springframework.boot.SpringApplication.getExitCodeFromMappedException(SpringApplication.java:818)
	at org.springframework.boot.SpringApplication.getExitCodeFromException(SpringApplication.java:804)
	at org.springframework.boot.SpringApplication.handleExitCode(SpringApplication.java:790)
	at org.springframework.boot.SpringApplication.handleRunFailure(SpringApplication.java:744)
	at org.springframework.boot.SpringApplication.run(SpringApplication.java:314)
	at org.springframework.boot.SpringApplication.run(SpringApplication.java:1118)
	at org.springframework.boot.SpringApplication.run(SpringApplication.java:1107)
	at com.ncu.Application.main(Application.java:38)
	at sun.reflect.NativeMethodAccessorImpl.invoke0(Native Method)
	at sun.reflect.NativeMethodAccessorImpl.invoke(NativeMethodAccessorImpl.java:62)
	at sun.reflect.DelegatingMethodAccessorImpl.invoke(DelegatingMethodAccessorImpl.java:43)
	at java.lang.reflect.Method.invoke(Method.java:483)
	at org.springframework.boot.devtools.restart.RestartLauncher.run(RestartLauncher.java:49)
Caused by: java.lang.ClassNotFoundException: com.ncu.controller.BaseController
	at java.net.URLClassLoader$1.run(URLClassLoader.java:372)
	at java.net.URLClassLoader$1.run(URLClassLoader.java:361)
	at java.security.AccessController.doPrivileged(Native Method)
	at java.net.URLClassLoader.findClass(URLClassLoader.java:360)
	at java.lang.ClassLoader.loadClass(ClassLoader.java:424)
	at sun.misc.Launcher$AppClassLoader.loadClass(Launcher.java:308)
	at java.lang.ClassLoader.loadClass(ClassLoader.java:357)
	at org.springframework.boot.devtools.restart.classloader.RestartClassLoader.loadClass(RestartClassLoader.java:151)
	at java.lang.ClassLoader.loadClass(ClassLoader.java:357)
	at org.springframework.util.ClassUtils.forName(ClassUtils.java:250)
	at org.springframework.beans.factory.support.AbstractBeanDefinition.resolveBeanClass(AbstractBeanDefinition.java:401)
	at org.springframework.beans.factory.support.AbstractBeanFactory.doResolveBeanClass(AbstractBeanFactory.java:1432)
	at org.springframework.beans.factory.support.AbstractBeanFactory.resolveBeanClass(AbstractBeanFactory.java:1377)
	... 21 common frames omitted
===2018-03-12 09:50:30.663 WARN  org.springframework.web.servlet.mvc.support.DefaultHandlerExceptionResolver Line:189 - Resolved exception caused by Handler execution: org.springframework.validation.BindException: org.springframework.validation.BeanPropertyBindingResult: 1 errors
Field error in object 'query' on field 'pageSize': rejected value [3?jobNumber=123]; codes [typeMismatch.query.pageSize,typeMismatch.pageSize,typeMismatch.java.lang.Integer,typeMismatch]; arguments [org.springframework.context.support.DefaultMessageSourceResolvable: codes [query.pageSize,pageSize]; arguments []; default message [pageSize]]; default message [Failed to convert property value of type 'java.lang.String' to required type 'java.lang.Integer' for property 'pageSize'; nested exception is java.lang.NumberFormatException: For input string: "3?jobNumber=123"]
===2018-03-12 14:21:42.543 WARN  org.springframework.web.servlet.PageNotFound Line:215 - Request method 'POST' not supported
===2018-03-12 14:21:42.546 WARN  org.springframework.web.servlet.mvc.support.DefaultHandlerExceptionResolver Line:189 - Resolved exception caused by Handler execution: org.springframework.web.HttpRequestMethodNotSupportedException: Request method 'POST' not supported
===2018-03-12 14:22:47.072 WARN  org.springframework.web.servlet.mvc.support.DefaultHandlerExceptionResolver Line:384 - Failed to read HTTP message: org.springframework.http.converter.HttpMessageNotReadableException: JSON parse error: For input string: "NaN-NaN1-NaN"; nested exception is com.alibaba.fastjson.JSONException: For input string: "NaN-NaN1-NaN"
===2018-03-12 14:22:47.072 WARN  org.springframework.web.servlet.mvc.support.DefaultHandlerExceptionResolver Line:189 - Resolved exception caused by Handler execution: org.springframework.http.converter.HttpMessageNotReadableException: JSON parse error: For input string: "NaN-NaN1-NaN"; nested exception is com.alibaba.fastjson.JSONException: For input string: "NaN-NaN1-NaN"
===2018-03-12 14:23:49.561 WARN  org.springframework.web.servlet.mvc.support.DefaultHandlerExceptionResolver Line:384 - Failed to read HTTP message: org.springframework.http.converter.HttpMessageNotReadableException: JSON parse error: For input string: "NaN-NaN1-NaN"; nested exception is com.alibaba.fastjson.JSONException: For input string: "NaN-NaN1-NaN"
===2018-03-12 14:23:49.565 WARN  org.springframework.web.servlet.mvc.support.DefaultHandlerExceptionResolver Line:189 - Resolved exception caused by Handler execution: org.springframework.http.converter.HttpMessageNotReadableException: JSON parse error: For input string: "NaN-NaN1-NaN"; nested exception is com.alibaba.fastjson.JSONException: For input string: "NaN-NaN1-NaN"
===2018-03-12 16:20:45.082 WARN  org.springframework.web.servlet.mvc.support.DefaultHandlerExceptionResolver Line:384 - Failed to read HTTP message: org.springframework.http.converter.HttpMessageNotReadableException: JSON parse error: For input string: "NaN-NaN1-NaN"; nested exception is com.alibaba.fastjson.JSONException: For input string: "NaN-NaN1-NaN"
===2018-03-12 16:20:45.086 WARN  org.springframework.web.servlet.mvc.support.DefaultHandlerExceptionResolver Line:189 - Resolved exception caused by Handler execution: org.springframework.http.converter.HttpMessageNotReadableException: JSON parse error: For input string: "NaN-NaN1-NaN"; nested exception is com.alibaba.fastjson.JSONException: For input string: "NaN-NaN1-NaN"
===2018-03-12 16:21:38.129 WARN  org.springframework.web.servlet.mvc.support.DefaultHandlerExceptionResolver Line:384 - Failed to read HTTP message: org.springframework.http.converter.HttpMessageNotReadableException: JSON parse error: For input string: "NaN-NaN1-NaN"; nested exception is com.alibaba.fastjson.JSONException: For input string: "NaN-NaN1-NaN"
===2018-03-12 16:21:38.134 WARN  org.springframework.web.servlet.mvc.support.DefaultHandlerExceptionResolver Line:189 - Resolved exception caused by Handler execution: org.springframework.http.converter.HttpMessageNotReadableException: JSON parse error: For input string: "NaN-NaN1-NaN"; nested exception is com.alibaba.fastjson.JSONException: For input string: "NaN-NaN1-NaN"
===2018-03-13 11:33:47.243 WARN  org.springframework.boot.context.embedded.AnnotationConfigEmbeddedWebApplicationContext Line:551 - Exception encountered during context initialization - cancelling refresh attempt: org.springframework.beans.factory.BeanCreationException: Error creating bean with name 'baseController': Failed to introspect bean class [com.ncu.controller.BaseController] for lookup method metadata: could not find class that it depends on; nested exception is java.lang.NoClassDefFoundError: com/ncu/model/Query
===2018-03-13 21:56:22.517 WARN  org.springframework.web.servlet.mvc.support.DefaultHandlerExceptionResolver Line:384 - Failed to read HTTP message: org.springframework.http.converter.HttpMessageNotReadableException: JSON parse error: For input string: "NaN-NaN1-NaN"; nested exception is com.alibaba.fastjson.JSONException: For input string: "NaN-NaN1-NaN"
===2018-03-13 21:56:22.519 WARN  org.springframework.web.servlet.mvc.support.DefaultHandlerExceptionResolver Line:189 - Resolved exception caused by Handler execution: org.springframework.http.converter.HttpMessageNotReadableException: JSON parse error: For input string: "NaN-NaN1-NaN"; nested exception is com.alibaba.fastjson.JSONException: For input string: "NaN-NaN1-NaN"
