===2018-04-07 17:03:35.970 WARN  org.springframework.boot.context.embedded.AnnotationConfigEmbeddedWebApplicationContext Line:551 - Exception encountered during context initialization - cancelling refresh attempt: org.springframework.beans.factory.BeanDefinitionStoreException: Failed to parse configuration class [com.ncu.Application]; nested exception is java.io.FileNotFoundException: class path resource [com/ncu/service/BaseService.class] cannot be opened because it does not exist
===2018-04-07 17:04:21.551 WARN  org.springframework.boot.context.embedded.AnnotationConfigEmbeddedWebApplicationContext Line:551 - Exception encountered during context initialization - cancelling refresh attempt: org.springframework.beans.factory.UnsatisfiedDependencyException: Error creating bean with name 'baseController': Unsatisfied dependency expressed through field 'baseService'; nested exception is org.springframework.beans.factory.NoSuchBeanDefinitionException: No qualifying bean of type 'com.ncu.service.BaseService' available: expected at least 1 bean which qualifies as autowire candidate. Dependency annotations: {@org.springframework.beans.factory.annotation.Autowired(required=true)}
===2018-04-07 17:04:51.470 WARN  org.springframework.boot.context.embedded.AnnotationConfigEmbeddedWebApplicationContext Line:551 - Exception encountered during context initialization - cancelling refresh attempt: org.springframework.beans.factory.BeanCreationException: Error creating bean with name 'baseController' defined in file [C:\project\dingding\工作资料管理\workingdata-master\datamanagement\target\classes\com\ncu\controller\BaseController.class]: Post-processing of merged bean definition failed; nested exception is java.lang.IllegalStateException: Failed to introspect bean class [com.ncu.controller.BaseController] for resource metadata: could not find class that it depends on
===2018-04-07 17:05:25.881 WARN  org.springframework.boot.context.embedded.AnnotationConfigEmbeddedWebApplicationContext Line:551 - Exception encountered during context initialization - cancelling refresh attempt: org.springframework.beans.factory.UnsatisfiedDependencyException: Error creating bean with name 'baseController': Unsatisfied dependency expressed through field 'baseService'; nested exception is org.springframework.beans.factory.NoSuchBeanDefinitionException: No qualifying bean of type 'com.ncu.service.BaseService' available: expected at least 1 bean which qualifies as autowire candidate. Dependency annotations: {@org.springframework.beans.factory.annotation.Autowired(required=true)}
===2018-04-07 17:06:48.862 WARN  org.springframework.boot.context.embedded.AnnotationConfigEmbeddedWebApplicationContext Line:551 - Exception encountered during context initialization - cancelling refresh attempt: org.springframework.beans.factory.BeanCreationException: Error creating bean with name 'requestMappingHandlerMapping' defined in class path resource [org/springframework/boot/autoconfigure/web/WebMvcAutoConfiguration$EnableWebMvcConfiguration.class]: Invocation of init method failed; nested exception is java.lang.IllegalStateException: Ambiguous mapping. Cannot map 'baseController' method 
public java.util.Map<java.lang.String, java.lang.Object> com.ncu.controller.BaseController.upload(org.springframework.web.multipart.MultipartFile[]) throws java.io.FileNotFoundException
to {[/uploadCover],methods=[POST]}: There is already 'baseController' bean method
public java.util.Map<java.lang.String, java.lang.Object> com.ncu.controller.BaseController.uploadCoverToLocal(org.springframework.web.multipart.MultipartFile[]) throws java.io.FileNotFoundException mapped.
===2018-04-07 17:13:42.357 WARN  org.springframework.web.servlet.PageNotFound Line:215 - Request method 'POST' not supported
===2018-04-07 17:13:42.358 WARN  org.springframework.web.servlet.mvc.support.DefaultHandlerExceptionResolver Line:189 - Resolved exception caused by Handler execution: org.springframework.web.HttpRequestMethodNotSupportedException: Request method 'POST' not supported
===2018-04-07 17:14:44.429 WARN  org.springframework.web.servlet.PageNotFound Line:215 - Request method 'POST' not supported
===2018-04-07 17:14:44.430 WARN  org.springframework.web.servlet.mvc.support.DefaultHandlerExceptionResolver Line:189 - Resolved exception caused by Handler execution: org.springframework.web.HttpRequestMethodNotSupportedException: Request method 'POST' not supported
===2018-04-07 17:15:31.874 WARN  org.springframework.web.servlet.PageNotFound Line:215 - Request method 'POST' not supported
===2018-04-07 17:15:31.879 WARN  org.springframework.web.servlet.mvc.support.DefaultHandlerExceptionResolver Line:189 - Resolved exception caused by Handler execution: org.springframework.web.HttpRequestMethodNotSupportedException: Request method 'POST' not supported
===2018-04-07 17:16:03.893 WARN  org.springframework.web.servlet.PageNotFound Line:215 - Request method 'POST' not supported
===2018-04-07 17:16:03.893 WARN  org.springframework.web.servlet.mvc.support.DefaultHandlerExceptionResolver Line:189 - Resolved exception caused by Handler execution: org.springframework.web.HttpRequestMethodNotSupportedException: Request method 'POST' not supported
===2018-04-07 17:17:01.323 WARN  org.springframework.web.servlet.PageNotFound Line:215 - Request method 'POST' not supported
===2018-04-07 17:17:01.324 WARN  org.springframework.web.servlet.mvc.support.DefaultHandlerExceptionResolver Line:189 - Resolved exception caused by Handler execution: org.springframework.web.HttpRequestMethodNotSupportedException: Request method 'POST' not supported
===2018-04-07 17:17:18.901 WARN  org.springframework.web.servlet.PageNotFound Line:215 - Request method 'POST' not supported
===2018-04-07 17:17:18.903 WARN  org.springframework.web.servlet.mvc.support.DefaultHandlerExceptionResolver Line:189 - Resolved exception caused by Handler execution: org.springframework.web.HttpRequestMethodNotSupportedException: Request method 'POST' not supported
===2018-04-07 17:21:50.041 WARN  org.springframework.boot.context.embedded.AnnotationConfigEmbeddedWebApplicationContext Line:551 - Exception encountered during context initialization - cancelling refresh attempt: org.springframework.beans.factory.UnsatisfiedDependencyException: Error creating bean with name 'baseController': Unsatisfied dependency expressed through field 'baseService'; nested exception is org.springframework.beans.factory.NoSuchBeanDefinitionException: No qualifying bean of type 'com.ncu.service.BaseService' available: expected at least 1 bean which qualifies as autowire candidate. Dependency annotations: {@org.springframework.beans.factory.annotation.Autowired(required=true)}
===2018-04-07 17:23:56.728 WARN  org.springframework.web.servlet.PageNotFound Line:215 - Request method 'POST' not supported
===2018-04-07 17:23:56.729 WARN  org.springframework.web.servlet.mvc.support.DefaultHandlerExceptionResolver Line:189 - Resolved exception caused by Handler execution: org.springframework.web.HttpRequestMethodNotSupportedException: Request method 'POST' not supported
===2018-04-07 17:25:07.366 WARN  org.springframework.web.servlet.PageNotFound Line:215 - Request method 'POST' not supported
===2018-04-07 17:25:07.367 WARN  org.springframework.web.servlet.mvc.support.DefaultHandlerExceptionResolver Line:189 - Resolved exception caused by Handler execution: org.springframework.web.HttpRequestMethodNotSupportedException: Request method 'POST' not supported
===2018-04-07 17:26:45.870 WARN  org.springframework.web.servlet.PageNotFound Line:215 - Request method 'POST' not supported
===2018-04-07 17:26:45.870 WARN  org.springframework.web.servlet.mvc.support.DefaultHandlerExceptionResolver Line:189 - Resolved exception caused by Handler execution: org.springframework.web.HttpRequestMethodNotSupportedException: Request method 'POST' not supported
