===2018-03-31 10:13:47.756 WARN  org.springframework.boot.context.embedded.AnnotationConfigEmbeddedWebApplicationContext Line:551 - Exception encountered during context initialization - cancelling refresh attempt: org.springframework.beans.factory.UnsatisfiedDependencyException: Error creating bean with name 'logAspect': Unsatisfied dependency expressed through field 'baseService'; nested exception is org.springframework.beans.factory.NoSuchBeanDefinitionException: No qualifying bean of type 'com.ncu.service.BaseService' available: expected at least 1 bean which qualifies as autowire candidate. Dependency annotations: {@org.springframework.beans.factory.annotation.Autowired(required=true)}
===2018-03-31 10:13:57.072 WARN  org.springframework.boot.context.embedded.AnnotationConfigEmbeddedWebApplicationContext Line:551 - Exception encountered during context initialization - cancelling refresh attempt: org.springframework.beans.factory.UnsatisfiedDependencyException: Error creating bean with name 'logAspect': Unsatisfied dependency expressed through field 'baseService'; nested exception is org.springframework.beans.factory.NoSuchBeanDefinitionException: No qualifying bean of type 'com.ncu.service.BaseService' available: expected at least 1 bean which qualifies as autowire candidate. Dependency annotations: {@org.springframework.beans.factory.annotation.Autowired(required=true)}
===2018-03-31 10:50:37.071 WARN  org.springframework.boot.context.embedded.AnnotationConfigEmbeddedWebApplicationContext Line:551 - Exception encountered during context initialization - cancelling refresh attempt: org.springframework.beans.factory.BeanCreationException: Error creating bean with name 'requestMappingHandlerMapping' defined in class path resource [org/springframework/boot/autoconfigure/web/WebMvcAutoConfiguration$EnableWebMvcConfiguration.class]: Invocation of init method failed; nested exception is java.lang.IllegalStateException: Ambiguous mapping. Cannot map 'baseController' method 
public java.util.Map<java.lang.String, java.lang.Object> com.ncu.controller.BaseController.addDepartment(com.ncu.model.Notice)
to {[/addNotice],methods=[POST],produces=[application/json;charset=UTF-8]}: There is already 'baseController' bean method
public java.util.Map<java.lang.String, java.lang.Object> com.ncu.controller.BaseController.addNotice(com.ncu.model.Notice) mapped.
===2018-03-31 11:05:32.617 WARN  org.springframework.web.servlet.mvc.support.DefaultHandlerExceptionResolver Line:384 - Failed to read HTTP message: org.springframework.http.converter.HttpMessageNotReadableException: Required request body is missing: public java.util.Map<java.lang.String, java.lang.Object> com.ncu.controller.BaseController.remove(java.util.List<java.lang.Integer>,int)
===2018-03-31 11:05:32.617 WARN  org.springframework.web.servlet.mvc.support.DefaultHandlerExceptionResolver Line:189 - Resolved exception caused by Handler execution: org.springframework.http.converter.HttpMessageNotReadableException: Required request body is missing: public java.util.Map<java.lang.String, java.lang.Object> com.ncu.controller.BaseController.remove(java.util.List<java.lang.Integer>,int)
===2018-03-31 11:05:37.827 WARN  org.springframework.web.servlet.mvc.support.DefaultHandlerExceptionResolver Line:384 - Failed to read HTTP message: org.springframework.http.converter.HttpMessageNotReadableException: Required request body is missing: public java.util.Map<java.lang.String, java.lang.Object> com.ncu.controller.BaseController.remove(java.util.List<java.lang.Integer>,int)
===2018-03-31 11:05:37.834 WARN  org.springframework.web.servlet.mvc.support.DefaultHandlerExceptionResolver Line:189 - Resolved exception caused by Handler execution: org.springframework.http.converter.HttpMessageNotReadableException: Required request body is missing: public java.util.Map<java.lang.String, java.lang.Object> com.ncu.controller.BaseController.remove(java.util.List<java.lang.Integer>,int)
===2018-03-31 11:05:57.900 WARN  org.springframework.web.servlet.PageNotFound Line:215 - Request method 'POST' not supported
===2018-03-31 11:05:57.901 WARN  org.springframework.web.servlet.mvc.support.DefaultHandlerExceptionResolver Line:189 - Resolved exception caused by Handler execution: org.springframework.web.HttpRequestMethodNotSupportedException: Request method 'POST' not supported
===2018-03-31 12:41:25.913 WARN  org.springframework.web.servlet.PageNotFound Line:215 - Request method 'POST' not supported
===2018-03-31 12:41:25.914 WARN  org.springframework.web.servlet.mvc.support.DefaultHandlerExceptionResolver Line:189 - Resolved exception caused by Handler execution: org.springframework.web.HttpRequestMethodNotSupportedException: Request method 'POST' not supported
===2018-03-31 13:52:34.958 WARN  org.springframework.web.servlet.PageNotFound Line:215 - Request method 'POST' not supported
===2018-03-31 13:52:34.960 WARN  org.springframework.web.servlet.mvc.support.DefaultHandlerExceptionResolver Line:189 - Resolved exception caused by Handler execution: org.springframework.web.HttpRequestMethodNotSupportedException: Request method 'POST' not supported
===2018-03-31 13:52:41.229 WARN  org.springframework.web.servlet.PageNotFound Line:215 - Request method 'POST' not supported
===2018-03-31 13:52:41.230 WARN  org.springframework.web.servlet.mvc.support.DefaultHandlerExceptionResolver Line:189 - Resolved exception caused by Handler execution: org.springframework.web.HttpRequestMethodNotSupportedException: Request method 'POST' not supported
===2018-03-31 14:02:47.755 WARN  org.springframework.web.servlet.PageNotFound Line:215 - Request method 'POST' not supported
===2018-03-31 14:02:47.757 WARN  org.springframework.web.servlet.mvc.support.DefaultHandlerExceptionResolver Line:189 - Resolved exception caused by Handler execution: org.springframework.web.HttpRequestMethodNotSupportedException: Request method 'POST' not supported
===2018-03-31 14:06:25.442 WARN  org.springframework.web.servlet.PageNotFound Line:215 - Request method 'POST' not supported
===2018-03-31 14:06:25.444 WARN  org.springframework.web.servlet.mvc.support.DefaultHandlerExceptionResolver Line:189 - Resolved exception caused by Handler execution: org.springframework.web.HttpRequestMethodNotSupportedException: Request method 'POST' not supported
===2018-03-31 14:06:46.042 WARN  org.springframework.web.servlet.PageNotFound Line:215 - Request method 'POST' not supported
===2018-03-31 14:06:46.043 WARN  org.springframework.web.servlet.mvc.support.DefaultHandlerExceptionResolver Line:189 - Resolved exception caused by Handler execution: org.springframework.web.HttpRequestMethodNotSupportedException: Request method 'POST' not supported
===2018-03-31 15:37:09.985 WARN  org.springframework.web.servlet.PageNotFound Line:215 - Request method 'POST' not supported
===2018-03-31 15:37:09.987 WARN  org.springframework.web.servlet.mvc.support.DefaultHandlerExceptionResolver Line:189 - Resolved exception caused by Handler execution: org.springframework.web.HttpRequestMethodNotSupportedException: Request method 'POST' not supported
