===2018-04-08 09:03:18.423 WARN  org.springframework.web.servlet.PageNotFound Line:215 - Request method 'POST' not supported
===2018-04-08 09:03:18.428 WARN  org.springframework.web.servlet.mvc.support.DefaultHandlerExceptionResolver Line:189 - Resolved exception caused by Handler execution: org.springframework.web.HttpRequestMethodNotSupportedException: Request method 'POST' not supported
===2018-04-08 09:04:58.371 WARN  org.springframework.web.servlet.PageNotFound Line:215 - Request method 'POST' not supported
===2018-04-08 09:04:58.377 WARN  org.springframework.web.servlet.mvc.support.DefaultHandlerExceptionResolver Line:189 - Resolved exception caused by Handler execution: org.springframework.web.HttpRequestMethodNotSupportedException: Request method 'POST' not supported
===2018-04-08 09:06:12.989 WARN  org.springframework.web.servlet.PageNotFound Line:215 - Request method 'POST' not supported
===2018-04-08 09:06:12.990 WARN  org.springframework.web.servlet.mvc.support.DefaultHandlerExceptionResolver Line:189 - Resolved exception caused by Handler execution: org.springframework.web.HttpRequestMethodNotSupportedException: Request method 'POST' not supported
===2018-04-08 09:07:33.368 WARN  org.springframework.web.servlet.PageNotFound Line:215 - Request method 'POST' not supported
===2018-04-08 09:07:33.369 WARN  org.springframework.web.servlet.mvc.support.DefaultHandlerExceptionResolver Line:189 - Resolved exception caused by Handler execution: org.springframework.web.HttpRequestMethodNotSupportedException: Request method 'POST' not supported
===2018-04-08 09:08:27.136 WARN  org.springframework.boot.context.embedded.AnnotationConfigEmbeddedWebApplicationContext Line:551 - Exception encountered during context initialization - cancelling refresh attempt: org.springframework.beans.factory.UnsatisfiedDependencyException: Error creating bean with name 'baseController': Unsatisfied dependency expressed through field 'baseService'; nested exception is org.springframework.beans.factory.NoSuchBeanDefinitionException: No qualifying bean of type 'com.ncu.service.BaseService' available: expected at least 1 bean which qualifies as autowire candidate. Dependency annotations: {@org.springframework.beans.factory.annotation.Autowired(required=true)}
===2018-04-08 19:03:00.383 WARN  org.springframework.web.servlet.PageNotFound Line:215 - Request method 'POST' not supported
===2018-04-08 19:03:00.384 WARN  org.springframework.web.servlet.mvc.support.DefaultHandlerExceptionResolver Line:189 - Resolved exception caused by Handler execution: org.springframework.web.HttpRequestMethodNotSupportedException: Request method 'POST' not supported
===2018-04-08 19:11:23.366 WARN  org.springframework.web.servlet.PageNotFound Line:215 - Request method 'POST' not supported
===2018-04-08 19:11:23.366 WARN  org.springframework.web.servlet.mvc.support.DefaultHandlerExceptionResolver Line:189 - Resolved exception caused by Handler execution: org.springframework.web.HttpRequestMethodNotSupportedException: Request method 'POST' not supported
===2018-04-08 19:12:40.649 WARN  org.springframework.web.servlet.PageNotFound Line:215 - Request method 'POST' not supported
===2018-04-08 19:12:40.651 WARN  org.springframework.web.servlet.mvc.support.DefaultHandlerExceptionResolver Line:189 - Resolved exception caused by Handler execution: org.springframework.web.HttpRequestMethodNotSupportedException: Request method 'POST' not supported
===2018-04-08 19:32:21.344 WARN  org.springframework.boot.context.embedded.AnnotationConfigEmbeddedWebApplicationContext Line:551 - Exception encountered during context initialization - cancelling refresh attempt: org.springframework.beans.factory.UnsatisfiedDependencyException: Error creating bean with name 'baseController': Unsatisfied dependency expressed through field 'baseService'; nested exception is org.springframework.beans.factory.NoSuchBeanDefinitionException: No qualifying bean of type 'com.ncu.service.BaseService' available: expected at least 1 bean which qualifies as autowire candidate. Dependency annotations: {@org.springframework.beans.factory.annotation.Autowired(required=true)}
===2018-04-08 19:32:52.432 WARN  org.springframework.web.servlet.PageNotFound Line:215 - Request method 'POST' not supported
===2018-04-08 19:32:52.432 WARN  org.springframework.web.servlet.mvc.support.DefaultHandlerExceptionResolver Line:189 - Resolved exception caused by Handler execution: org.springframework.web.HttpRequestMethodNotSupportedException: Request method 'POST' not supported
===2018-04-08 19:35:46.533 WARN  org.springframework.boot.context.embedded.AnnotationConfigEmbeddedWebApplicationContext Line:551 - Exception encountered during context initialization - cancelling refresh attempt: org.springframework.beans.factory.UnsatisfiedDependencyException: Error creating bean with name 'baseController': Unsatisfied dependency expressed through field 'baseService'; nested exception is org.springframework.beans.factory.NoSuchBeanDefinitionException: No qualifying bean of type 'com.ncu.service.BaseService' available: expected at least 1 bean which qualifies as autowire candidate. Dependency annotations: {@org.springframework.beans.factory.annotation.Autowired(required=true)}
===2018-04-08 20:41:53.287 WARN  org.springframework.web.servlet.PageNotFound Line:215 - Request method 'POST' not supported
===2018-04-08 20:41:53.289 WARN  org.springframework.web.servlet.mvc.support.DefaultHandlerExceptionResolver Line:189 - Resolved exception caused by Handler execution: org.springframework.web.HttpRequestMethodNotSupportedException: Request method 'POST' not supported
===2018-04-08 20:47:08.004 WARN  org.springframework.web.servlet.mvc.support.DefaultHandlerExceptionResolver Line:189 - Resolved exception caused by Handler execution: org.springframework.web.bind.MissingServletRequestParameterException: Required String parameter 'path' is not present
===2018-04-08 20:56:00.400 WARN  org.springframework.web.servlet.mvc.support.DefaultHandlerExceptionResolver Line:189 - Resolved exception caused by Handler execution: org.springframework.web.bind.MissingServletRequestParameterException: Required String parameter 'path' is not present
===2018-04-08 20:56:10.833 WARN  org.springframework.web.servlet.mvc.support.DefaultHandlerExceptionResolver Line:189 - Resolved exception caused by Handler execution: org.springframework.web.bind.MissingServletRequestParameterException: Required String parameter 'path' is not present
===2018-04-08 20:56:56.218 WARN  org.springframework.web.servlet.mvc.support.DefaultHandlerExceptionResolver Line:189 - Resolved exception caused by Handler execution: org.springframework.web.bind.MissingServletRequestParameterException: Required String parameter 'path' is not present
===2018-04-08 20:58:38.469 WARN  org.springframework.web.servlet.mvc.support.DefaultHandlerExceptionResolver Line:189 - Resolved exception caused by Handler execution: org.springframework.web.bind.MissingServletRequestParameterException: Required String parameter 'path' is not present
===2018-04-08 21:00:06.375 WARN  org.springframework.boot.SpringApplication Line:755 - Unable to close ApplicationContext
org.springframework.beans.factory.CannotLoadBeanClassException: Cannot find class [com.ncu.controller.BaseController] for bean with name 'baseController' defined in file [C:\project\dingding\工作资料管理\workingdata-master\datamanagement\target\classes\com\ncu\controller\BaseController.class]; nested exception is java.lang.ClassNotFoundException: com.ncu.controller.BaseController
	at org.springframework.beans.factory.support.AbstractBeanFactory.resolveBeanClass(AbstractBeanFactory.java:1385)
	at org.springframework.beans.factory.support.AbstractAutowireCapableBeanFactory.determineTargetType(AbstractAutowireCapableBeanFactory.java:641)
	at org.springframework.beans.factory.support.AbstractAutowireCapableBeanFactory.predictBeanType(AbstractAutowireCapableBeanFactory.java:609)
	at org.springframework.beans.factory.support.AbstractBeanFactory.isFactoryBean(AbstractBeanFactory.java:1484)
	at org.springframework.beans.factory.support.DefaultListableBeanFactory.doGetBeanNamesForType(DefaultListableBeanFactory.java:425)
	at org.springframework.beans.factory.support.DefaultListableBeanFactory.getBeanNamesForType(DefaultListableBeanFactory.java:395)
	at org.springframework.beans.factory.support.DefaultListableBeanFactory.getBeansOfType(DefaultListableBeanFactory.java:515)
	at org.springframework.beans.factory.support.DefaultListableBeanFactory.getBeansOfType(DefaultListableBeanFactory.java:508)
	at org.springframework.context.support.AbstractApplicationContext.getBeansOfType(AbstractApplicationContext.java:1188)
	at org.springframework.boot.SpringApplication.getExitCodeFromMappedException(SpringApplication.java:818)
	at org.springframework.boot.SpringApplication.getExitCodeFromException(SpringApplication.java:804)
	at org.springframework.boot.SpringApplication.handleExitCode(SpringApplication.java:790)
	at org.springframework.boot.SpringApplication.handleRunFailure(SpringApplication.java:744)
	at org.springframework.boot.SpringApplication.run(SpringApplication.java:314)
	at org.springframework.boot.SpringApplication.run(SpringApplication.java:1118)
	at org.springframework.boot.SpringApplication.run(SpringApplication.java:1107)
	at com.ncu.Application.main(Application.java:38)
	at sun.reflect.NativeMethodAccessorImpl.invoke0(Native Method)
	at sun.reflect.NativeMethodAccessorImpl.invoke(NativeMethodAccessorImpl.java:62)
	at sun.reflect.DelegatingMethodAccessorImpl.invoke(DelegatingMethodAccessorImpl.java:43)
	at java.lang.reflect.Method.invoke(Method.java:483)
	at org.springframework.boot.devtools.restart.RestartLauncher.run(RestartLauncher.java:49)
Caused by: java.lang.ClassNotFoundException: com.ncu.controller.BaseController
	at java.net.URLClassLoader$1.run(URLClassLoader.java:372)
	at java.net.URLClassLoader$1.run(URLClassLoader.java:361)
	at java.security.AccessController.doPrivileged(Native Method)
	at java.net.URLClassLoader.findClass(URLClassLoader.java:360)
	at java.lang.ClassLoader.loadClass(ClassLoader.java:424)
	at sun.misc.Launcher$AppClassLoader.loadClass(Launcher.java:308)
	at java.lang.ClassLoader.loadClass(ClassLoader.java:357)
	at org.springframework.boot.devtools.restart.classloader.RestartClassLoader.loadClass(RestartClassLoader.java:151)
	at java.lang.ClassLoader.loadClass(ClassLoader.java:357)
	at org.springframework.util.ClassUtils.forName(ClassUtils.java:250)
	at org.springframework.beans.factory.support.AbstractBeanDefinition.resolveBeanClass(AbstractBeanDefinition.java:401)
	at org.springframework.beans.factory.support.AbstractBeanFactory.doResolveBeanClass(AbstractBeanFactory.java:1432)
	at org.springframework.beans.factory.support.AbstractBeanFactory.resolveBeanClass(AbstractBeanFactory.java:1377)
	... 21 common frames omitted
===2018-04-08 21:05:48.070 WARN  org.springframework.web.servlet.PageNotFound Line:215 - Request method 'POST' not supported
===2018-04-08 21:05:48.071 WARN  org.springframework.web.servlet.mvc.support.DefaultHandlerExceptionResolver Line:189 - Resolved exception caused by Handler execution: org.springframework.web.HttpRequestMethodNotSupportedException: Request method 'POST' not supported
===2018-04-08 21:26:03.156 WARN  org.springframework.web.servlet.PageNotFound Line:215 - Request method 'POST' not supported
===2018-04-08 21:26:03.157 WARN  org.springframework.web.servlet.mvc.support.DefaultHandlerExceptionResolver Line:189 - Resolved exception caused by Handler execution: org.springframework.web.HttpRequestMethodNotSupportedException: Request method 'POST' not supported
===2018-04-08 22:39:13.614 WARN  org.springframework.web.servlet.PageNotFound Line:215 - Request method 'POST' not supported
===2018-04-08 22:39:13.615 WARN  org.springframework.web.servlet.mvc.support.DefaultHandlerExceptionResolver Line:189 - Resolved exception caused by Handler execution: org.springframework.web.HttpRequestMethodNotSupportedException: Request method 'POST' not supported
===2018-04-08 22:39:37.729 WARN  org.springframework.web.servlet.PageNotFound Line:215 - Request method 'POST' not supported
===2018-04-08 22:39:37.731 WARN  org.springframework.web.servlet.mvc.support.DefaultHandlerExceptionResolver Line:189 - Resolved exception caused by Handler execution: org.springframework.web.HttpRequestMethodNotSupportedException: Request method 'POST' not supported
